2024-10-01 11:14:54,953 - INFO - Training on Fold 1...
2024-10-01 11:20:25,189 - INFO - Training on Fold 1...
2024-10-01 11:47:17,272 - INFO - Training on Fold 1...
2024-10-01 11:49:36,372 - INFO - Training on Fold 1...
2024-10-01 11:57:42,333 - INFO - Fold 1 - Test Loss: 0.0396224781870842
2024-10-01 11:57:42,333 - INFO - Fold 1 - Test Accuracy: 0.9823496341705322
2024-10-01 11:57:42,333 - INFO - Fold 1 - Optimal Threshold: 0.7687249779701233
2024-10-01 11:57:42,333 - INFO - Fold 1 - Precision (Optimal Threshold): 0.9687920365886468
2024-10-01 11:57:42,334 - INFO - Fold 1 - Recall (Optimal Threshold): 0.9972306840210468
2024-10-01 11:57:42,334 - INFO - Fold 1 - F1 Score (Optimal Threshold): 0.9828056768558951
2024-10-01 11:57:42,334 - INFO - Fold 1 - ROC-AUC: 0.9989158897861706
2024-10-01 11:57:42,406 - INFO - Model saved to ../../../models/cnn_lstm_model_combined/cnn_lstm_fold_1.keras
2024-10-01 11:57:42,406 - INFO - Training on Fold 2...
2024-10-01 12:06:21,519 - INFO - Fold 2 - Test Loss: 0.044863324612379074
2024-10-01 12:06:21,519 - INFO - Fold 2 - Test Accuracy: 0.9803727865219116
2024-10-01 12:06:21,519 - INFO - Fold 2 - Optimal Threshold: 0.723557710647583
2024-10-01 12:06:21,519 - INFO - Fold 2 - Precision (Optimal Threshold): 0.9635616438356165
2024-10-01 12:06:21,519 - INFO - Fold 2 - Recall (Optimal Threshold): 0.998580352072686
2024-10-01 12:06:21,519 - INFO - Fold 2 - F1 Score (Optimal Threshold): 0.9807585052983826
2024-10-01 12:06:21,519 - INFO - Fold 2 - ROC-AUC: 0.9984037733922885
2024-10-01 12:06:21,594 - INFO - Model saved to ../../../models/cnn_lstm_model_combined/cnn_lstm_fold_2.keras
2024-10-01 12:06:21,594 - INFO - Training on Fold 3...
2024-10-01 12:13:01,011 - INFO - Fold 3 - Test Loss: 0.039813898503780365
2024-10-01 12:13:01,011 - INFO - Fold 3 - Test Accuracy: 0.982632040977478
2024-10-01 12:13:01,011 - INFO - Fold 3 - Optimal Threshold: 0.7453790307044983
2024-10-01 12:13:01,012 - INFO - Fold 3 - Precision (Optimal Threshold): 0.9677943166441136
2024-10-01 12:13:01,012 - INFO - Fold 3 - Recall (Optimal Threshold): 0.9991617770326907
2024-10-01 12:13:01,012 - INFO - Fold 3 - F1 Score (Optimal Threshold): 0.9832279351113555
2024-10-01 12:13:01,012 - INFO - Fold 3 - ROC-AUC: 0.9988919408638443
2024-10-01 12:13:01,051 - INFO - Model saved to ../../../models/cnn_lstm_model_combined/cnn_lstm_fold_3.keras
2024-10-01 12:13:01,051 - INFO - Training on Fold 4...
2024-10-01 12:22:31,073 - INFO - Fold 4 - Test Loss: 0.038517922163009644
2024-10-01 12:22:31,073 - INFO - Fold 4 - Test Accuracy: 0.982632040977478
2024-10-01 12:22:31,073 - INFO - Fold 4 - Optimal Threshold: 0.7424722909927368
2024-10-01 12:22:31,073 - INFO - Fold 4 - Precision (Optimal Threshold): 0.9664261931187569
2024-10-01 12:22:31,074 - INFO - Fold 4 - Recall (Optimal Threshold): 0.9997129735935706
2024-10-01 12:22:31,074 - INFO - Fold 4 - F1 Score (Optimal Threshold): 0.9827878103837472
2024-10-01 12:22:31,074 - INFO - Fold 4 - ROC-AUC: 0.9991124757407642
2024-10-01 12:22:31,122 - INFO - Model saved to ../../../models/cnn_lstm_model_combined/cnn_lstm_fold_4.keras
2024-10-01 12:22:31,123 - INFO - Training on Fold 5...
2024-10-01 12:32:39,253 - INFO - Fold 5 - Test Loss: 0.041409458965063095
2024-10-01 12:32:39,253 - INFO - Fold 5 - Test Accuracy: 0.9816436171531677
2024-10-01 12:32:39,253 - INFO - Fold 5 - Optimal Threshold: 0.8067288398742676
2024-10-01 12:32:39,253 - INFO - Fold 5 - Precision (Optimal Threshold): 0.9832195676905574
2024-10-01 12:32:39,254 - INFO - Fold 5 - Recall (Optimal Threshold): 0.9823813583404376
2024-10-01 12:32:39,254 - INFO - Fold 5 - F1 Score (Optimal Threshold): 0.9828002842928216
2024-10-01 12:32:39,254 - INFO - Fold 5 - ROC-AUC: 0.9988684577216325
2024-10-01 12:32:39,304 - INFO - Model saved to ../../../models/cnn_lstm_model_combined/cnn_lstm_fold_5.keras
2024-10-01 12:32:39,304 - INFO - K-Fold Cross-Validation Completed!
2024-10-01 13:52:44,154 - INFO - Training on Fold 1...
2024-10-01 14:01:48,837 - INFO - History saved to ../../../models/cnn_lstm_model_combined/cnn_lstm_fold_1_history.json
2024-10-01 14:01:51,311 - INFO - Fold 1 - Test Loss: 0.039353981614112854
2024-10-01 14:01:51,311 - INFO - Fold 1 - Test Accuracy: 0.9823496341705322
2024-10-01 14:01:51,311 - INFO - Fold 1 - Optimal Threshold: 0.7809289693832397
2024-10-01 14:01:51,311 - INFO - Fold 1 - Precision (Optimal Threshold): 0.9721093961548877
2024-10-01 14:01:51,311 - INFO - Fold 1 - Recall (Optimal Threshold): 0.9941844364441983
2024-10-01 14:01:51,311 - INFO - Fold 1 - F1 Score (Optimal Threshold): 0.9830230010952903
2024-10-01 14:01:51,311 - INFO - Fold 1 - ROC-AUC: 0.9988459188811423
2024-10-01 14:01:51,393 - INFO - Model saved to ../../../models/cnn_lstm_model_combined/cnn_lstm_fold_1.keras
2024-10-01 14:01:51,393 - INFO - Training on Fold 2...
2024-10-01 14:10:46,637 - INFO - History saved to ../../../models/cnn_lstm_model_combined/cnn_lstm_fold_2_history.json
2024-10-01 14:10:49,051 - INFO - Fold 2 - Test Loss: 0.044610124081373215
2024-10-01 14:10:49,051 - INFO - Fold 2 - Test Accuracy: 0.9803727865219116
2024-10-01 14:10:49,051 - INFO - Fold 2 - Optimal Threshold: 0.7264039516448975
2024-10-01 14:10:49,051 - INFO - Fold 2 - Precision (Optimal Threshold): 0.9646090534979423
2024-10-01 14:10:49,051 - INFO - Fold 2 - Recall (Optimal Threshold): 0.9982964224872232
2024-10-01 14:10:49,051 - INFO - Fold 2 - F1 Score (Optimal Threshold): 0.981163666806195
2024-10-01 14:10:49,051 - INFO - Fold 2 - ROC-AUC: 0.9983396898468055
2024-10-01 14:10:49,091 - INFO - Model saved to ../../../models/cnn_lstm_model_combined/cnn_lstm_fold_2.keras
2024-10-01 14:10:49,091 - INFO - Training on Fold 3...
2024-10-01 14:21:27,867 - INFO - History saved to ../../../models/cnn_lstm_model_combined/cnn_lstm_fold_3_history.json
2024-10-01 14:21:30,169 - INFO - Fold 3 - Test Loss: 0.039964400231838226
2024-10-01 14:21:30,169 - INFO - Fold 3 - Test Accuracy: 0.982632040977478
2024-10-01 14:21:30,169 - INFO - Fold 3 - Optimal Threshold: 0.7837778925895691
2024-10-01 14:21:30,170 - INFO - Fold 3 - Precision (Optimal Threshold): 0.9680390032502708
2024-10-01 14:21:30,170 - INFO - Fold 3 - Recall (Optimal Threshold): 0.9986029617211511
2024-10-01 14:21:30,170 - INFO - Fold 3 - F1 Score (Optimal Threshold): 0.9830834823270527
2024-10-01 14:21:30,170 - INFO - Fold 3 - ROC-AUC: 0.9989752925624682
2024-10-01 14:21:30,218 - INFO - Model saved to ../../../models/cnn_lstm_model_combined/cnn_lstm_fold_3.keras
2024-10-01 14:21:30,218 - INFO - Training on Fold 4...
2024-10-01 14:28:42,140 - INFO - History saved to ../../../models/cnn_lstm_model_combined/cnn_lstm_fold_4_history.json
2024-10-01 14:28:45,090 - INFO - Fold 4 - Test Loss: 0.039067741483449936
2024-10-01 14:28:45,091 - INFO - Fold 4 - Test Accuracy: 0.9824908375740051
2024-10-01 14:28:45,091 - INFO - Fold 4 - Optimal Threshold: 0.7001771926879883
2024-10-01 14:28:45,091 - INFO - Fold 4 - Precision (Optimal Threshold): 0.9656224008871639
2024-10-01 14:28:45,091 - INFO - Fold 4 - Recall (Optimal Threshold): 0.9997129735935706
2024-10-01 14:28:45,091 - INFO - Fold 4 - F1 Score (Optimal Threshold): 0.9823720208715273
2024-10-01 14:28:45,091 - INFO - Fold 4 - ROC-AUC: 0.999052047029572
2024-10-01 14:28:45,133 - INFO - Model saved to ../../../models/cnn_lstm_model_combined/cnn_lstm_fold_4.keras
2024-10-01 14:28:45,133 - INFO - Training on Fold 5...
2024-10-01 14:37:56,087 - INFO - History saved to ../../../models/cnn_lstm_model_combined/cnn_lstm_fold_5_history.json
2024-10-01 14:37:58,589 - INFO - Fold 5 - Test Loss: 0.04155759513378143
2024-10-01 14:37:58,589 - INFO - Fold 5 - Test Accuracy: 0.9817848205566406
2024-10-01 14:37:58,589 - INFO - Fold 5 - Optimal Threshold: 0.7974807620048523
2024-10-01 14:37:58,589 - INFO - Fold 5 - Precision (Optimal Threshold): 0.968
2024-10-01 14:37:58,589 - INFO - Fold 5 - Recall (Optimal Threshold): 0.9971582836032964
2024-10-01 14:37:58,590 - INFO - Fold 5 - F1 Score (Optimal Threshold): 0.9823628219484882
2024-10-01 14:37:58,590 - INFO - Fold 5 - ROC-AUC: 0.9988771112784398
2024-10-01 14:37:58,627 - INFO - Model saved to ../../../models/cnn_lstm_model_combined/cnn_lstm_fold_5.keras
2024-10-01 14:37:58,627 - INFO - K-Fold Cross-Validation Completed!
2024-10-06 15:50:19,637 - INFO - Training on Fold 1...
2024-10-06 15:59:05,518 - INFO - History saved to ../../../models/cnn_lstm_model_combined/cnn_lstm_fold_1_history.json
2024-10-06 15:59:08,466 - INFO - Fold 1 - Test Loss: 0.06550458818674088
2024-10-06 15:59:08,466 - INFO - Fold 1 - Test Accuracy: 0.9762778878211975
2024-10-06 15:59:08,466 - INFO - Fold 1 - Optimal Threshold: 0.5101326107978821
2024-10-06 15:59:08,466 - INFO - Fold 1 - Precision (Optimal Threshold): 0.9604172238566462
2024-10-06 15:59:08,467 - INFO - Fold 1 - Recall (Optimal Threshold): 0.9944613680420936
2024-10-06 15:59:08,467 - INFO - Fold 1 - F1 Score (Optimal Threshold): 0.9771428571428571
2024-10-06 15:59:08,467 - INFO - Fold 1 - ROC-AUC: 0.9978285881969693
2024-10-06 15:59:08,537 - INFO - Model saved to ../../../models/cnn_lstm_model_combined/cnn_lstm_fold_1.keras
2024-10-06 15:59:08,537 - INFO - Training on Fold 2...
2024-10-06 16:09:12,552 - INFO - History saved to ../../../models/cnn_lstm_model_combined/cnn_lstm_fold_2_history.json
2024-10-06 16:09:15,597 - INFO - Fold 2 - Test Loss: 0.06828828901052475
2024-10-06 16:09:15,597 - INFO - Fold 2 - Test Accuracy: 0.9728890061378479
2024-10-06 16:09:15,597 - INFO - Fold 2 - Optimal Threshold: 0.7490681409835815
2024-10-06 16:09:15,597 - INFO - Fold 2 - Precision (Optimal Threshold): 0.962420558165239
2024-10-06 16:09:15,597 - INFO - Fold 2 - Recall (Optimal Threshold): 0.9889267461669506
2024-10-06 16:09:15,597 - INFO - Fold 2 - F1 Score (Optimal Threshold): 0.9754936283433693
2024-10-06 16:09:15,598 - INFO - Fold 2 - ROC-AUC: 0.9976998513357451
2024-10-06 16:09:15,686 - INFO - Model saved to ../../../models/cnn_lstm_model_combined/cnn_lstm_fold_2.keras
2024-10-06 16:09:15,686 - INFO - Training on Fold 3...
2024-10-06 16:17:45,644 - INFO - History saved to ../../../models/cnn_lstm_model_combined/cnn_lstm_fold_3_history.json
2024-10-06 16:17:48,463 - INFO - Fold 3 - Test Loss: 0.06027964875102043
2024-10-06 16:17:48,464 - INFO - Fold 3 - Test Accuracy: 0.9752894639968872
2024-10-06 16:17:48,464 - INFO - Fold 3 - Optimal Threshold: 0.7610703110694885
2024-10-06 16:17:48,464 - INFO - Fold 3 - Precision (Optimal Threshold): 0.9715626725565986
2024-10-06 16:17:48,464 - INFO - Fold 3 - Recall (Optimal Threshold): 0.9832355406538139
2024-10-06 16:17:48,464 - INFO - Fold 3 - F1 Score (Optimal Threshold): 0.9773642549645882
2024-10-06 16:17:48,464 - INFO - Fold 3 - ROC-AUC: 0.9984892205515458
2024-10-06 16:17:48,519 - INFO - Model saved to ../../../models/cnn_lstm_model_combined/cnn_lstm_fold_3.keras
2024-10-06 16:17:48,519 - INFO - Training on Fold 4...
2024-10-06 16:28:47,145 - INFO - History saved to ../../../models/cnn_lstm_model_combined/cnn_lstm_fold_4_history.json
2024-10-06 16:28:50,267 - INFO - Fold 4 - Test Loss: 0.05564429610967636
2024-10-06 16:28:50,267 - INFO - Fold 4 - Test Accuracy: 0.9776899218559265
2024-10-06 16:28:50,267 - INFO - Fold 4 - Optimal Threshold: 0.7255440950393677
2024-10-06 16:28:50,267 - INFO - Fold 4 - Precision (Optimal Threshold): 0.9665458600501812
2024-10-06 16:28:50,267 - INFO - Fold 4 - Recall (Optimal Threshold): 0.9951205510907003
2024-10-06 16:28:50,267 - INFO - Fold 4 - F1 Score (Optimal Threshold): 0.9806250883891953
2024-10-06 16:28:50,267 - INFO - Fold 4 - ROC-AUC: 0.9986393767681879
2024-10-06 16:28:50,318 - INFO - Model saved to ../../../models/cnn_lstm_model_combined/cnn_lstm_fold_4.keras
2024-10-06 16:28:50,320 - INFO - Training on Fold 5...
2024-10-06 16:37:52,490 - INFO - History saved to ../../../models/cnn_lstm_model_combined/cnn_lstm_fold_5_history.json
2024-10-06 16:37:55,943 - INFO - Fold 5 - Test Loss: 0.0596819631755352
2024-10-06 16:37:55,943 - INFO - Fold 5 - Test Accuracy: 0.9785371422767639
2024-10-06 16:37:55,943 - INFO - Fold 5 - Optimal Threshold: 0.7379778027534485
2024-10-06 16:37:55,943 - INFO - Fold 5 - Precision (Optimal Threshold): 0.9709659408151871
2024-10-06 16:37:55,943 - INFO - Fold 5 - Recall (Optimal Threshold): 0.9883489627735152
2024-10-06 16:37:55,943 - INFO - Fold 5 - F1 Score (Optimal Threshold): 0.9795803407970708
2024-10-06 16:37:55,943 - INFO - Fold 5 - ROC-AUC: 0.9983970582054182
2024-10-06 16:37:56,000 - INFO - Model saved to ../../../models/cnn_lstm_model_combined/cnn_lstm_fold_5.keras
2024-10-06 16:37:56,000 - INFO - K-Fold Cross-Validation Completed!
2024-10-12 14:33:11,758 - INFO - Scaler saved to ../../../models/cnn_lstm_model_combined/scaler_nn.pkl
2024-10-12 14:33:11,771 - INFO - Training on Fold 1...
2024-10-12 14:49:46,308 - INFO - History saved to ../../../models/cnn_lstm_model_combined/cnn_lstm_fold_1_history.json
2024-10-12 14:49:57,202 - INFO - Fold 1 - Test Loss: 0.06370888650417328
2024-10-12 14:49:57,203 - INFO - Fold 1 - Test Accuracy: 0.9733126163482666
2024-10-12 14:49:57,203 - INFO - Fold 1 - Optimal Threshold: 0.7310957908630371
2024-10-12 14:49:57,203 - INFO - Fold 1 - Precision (Optimal Threshold): 0.9671016856987493
2024-10-12 14:49:57,203 - INFO - Fold 1 - Recall (Optimal Threshold): 0.9850456937136527
2024-10-12 14:49:57,203 - INFO - Fold 1 - F1 Score (Optimal Threshold): 0.975991219646042
2024-10-12 14:49:57,203 - INFO - Fold 1 - ROC-AUC: 0.9978466992522049
2024-10-12 14:49:57,335 - INFO - Model saved to ../../../models/cnn_lstm_model_combined/cnn_lstm_fold_1.keras
2024-10-12 14:49:57,336 - INFO - Training on Fold 2...
2024-10-12 15:02:52,189 - INFO - History saved to ../../../models/cnn_lstm_model_combined/cnn_lstm_fold_2_history.json
2024-10-12 15:02:56,269 - INFO - Fold 2 - Test Loss: 0.07110700756311417
2024-10-12 15:02:56,269 - INFO - Fold 2 - Test Accuracy: 0.9751482605934143
2024-10-12 15:02:56,269 - INFO - Fold 2 - Optimal Threshold: 0.631537139415741
2024-10-12 15:02:56,269 - INFO - Fold 2 - Precision (Optimal Threshold): 0.9584131326949384
2024-10-12 15:02:56,269 - INFO - Fold 2 - Recall (Optimal Threshold): 0.9946053378762068
2024-10-12 15:02:56,269 - INFO - Fold 2 - F1 Score (Optimal Threshold): 0.9761738888114811
2024-10-12 15:02:56,269 - INFO - Fold 2 - ROC-AUC: 0.9977498181574566
2024-10-12 15:02:56,330 - INFO - Model saved to ../../../models/cnn_lstm_model_combined/cnn_lstm_fold_2.keras
2024-10-12 15:02:56,330 - INFO - Training on Fold 3...
2024-10-12 15:13:13,680 - INFO - History saved to ../../../models/cnn_lstm_model_combined/cnn_lstm_fold_3_history.json
2024-10-12 15:13:16,951 - INFO - Fold 3 - Test Loss: 0.059593863785266876
2024-10-12 15:13:16,951 - INFO - Fold 3 - Test Accuracy: 0.976983904838562
2024-10-12 15:13:16,951 - INFO - Fold 3 - Optimal Threshold: 0.7613895535469055
2024-10-12 15:13:16,951 - INFO - Fold 3 - Precision (Optimal Threshold): 0.9745293466223699
2024-10-12 15:13:16,951 - INFO - Fold 3 - Recall (Optimal Threshold): 0.9835149483095836
2024-10-12 15:13:16,952 - INFO - Fold 3 - F1 Score (Optimal Threshold): 0.9790015296898902
2024-10-12 15:13:16,952 - INFO - Fold 3 - ROC-AUC: 0.998605593880055
2024-10-12 15:13:17,013 - INFO - Model saved to ../../../models/cnn_lstm_model_combined/cnn_lstm_fold_3.keras
2024-10-12 15:13:17,013 - INFO - Training on Fold 4...
2024-10-12 15:24:56,901 - INFO - History saved to ../../../models/cnn_lstm_model_combined/cnn_lstm_fold_4_history.json
2024-10-12 15:24:59,935 - INFO - Fold 4 - Test Loss: 0.059155311435461044
2024-10-12 15:24:59,936 - INFO - Fold 4 - Test Accuracy: 0.9774075150489807
2024-10-12 15:24:59,936 - INFO - Fold 4 - Optimal Threshold: 0.7645210027694702
2024-10-12 15:24:59,936 - INFO - Fold 4 - Precision (Optimal Threshold): 0.9693906206121876
2024-10-12 15:24:59,936 - INFO - Fold 4 - Recall (Optimal Threshold): 0.9908151549942594
2024-10-12 15:24:59,936 - INFO - Fold 4 - F1 Score (Optimal Threshold): 0.979985805535841
2024-10-12 15:24:59,936 - INFO - Fold 4 - ROC-AUC: 0.9986941016472348
2024-10-12 15:24:59,991 - INFO - Model saved to ../../../models/cnn_lstm_model_combined/cnn_lstm_fold_4.keras
2024-10-12 15:24:59,991 - INFO - Training on Fold 5...
2024-10-12 15:36:43,492 - INFO - History saved to ../../../models/cnn_lstm_model_combined/cnn_lstm_fold_5_history.json
2024-10-12 15:36:46,769 - INFO - Fold 5 - Test Loss: 0.06389757990837097
2024-10-12 15:36:46,770 - INFO - Fold 5 - Test Accuracy: 0.9759954810142517
2024-10-12 15:36:46,770 - INFO - Fold 5 - Optimal Threshold: 0.8040727376937866
2024-10-12 15:36:46,770 - INFO - Fold 5 - Precision (Optimal Threshold): 0.9819794050343249
2024-10-12 15:36:46,770 - INFO - Fold 5 - Recall (Optimal Threshold): 0.975561238988349
2024-10-12 15:36:46,770 - INFO - Fold 5 - F1 Score (Optimal Threshold): 0.978759800427655
2024-10-12 15:36:46,770 - INFO - Fold 5 - ROC-AUC: 0.9982555705577126
2024-10-12 15:36:46,828 - INFO - Model saved to ../../../models/cnn_lstm_model_combined/cnn_lstm_fold_5.keras
2024-10-12 15:36:46,828 - INFO - K-Fold Cross-Validation Completed!
