2024-09-29 13:49:36,129 - INFO - Class distribution before resampling: Machine failure
0    17715
1     2285
Name: count, dtype: int64
2024-09-29 13:49:36,142 - INFO - Class distribution after resampling: Machine failure
0    17715
1    17715
Name: count, dtype: int64
2024-09-29 13:49:36,144 - INFO - Training on Fold 1...
2024-09-29 13:51:07,197 - INFO - Fold 1 - Test Loss: 0.05971228703856468
2024-09-29 13:51:07,197 - INFO - Fold 1 - Test Accuracy: 0.9789607524871826
2024-09-29 13:51:07,197 - INFO - Fold 1 - Optimal Threshold: 0.5845595002174377
2024-09-29 13:51:07,197 - INFO - Fold 1 - Precision (Optimal Threshold): 0.9673854447439353
2024-09-29 13:51:07,208 - INFO - Fold 1 - Recall (Optimal Threshold): 0.993907504846303
2024-09-29 13:51:07,208 - INFO - Fold 1 - F1 Score (Optimal Threshold): 0.9804671492965442
2024-09-29 13:51:07,208 - INFO - Fold 1 - ROC-AUC: 0.9981566615851993
2024-09-29 13:51:07,240 - INFO - Model saved to ../../../models/cnn_model_combined/model_fold_1.keras
2024-09-29 13:51:07,243 - INFO - Training history saved to ../../../models/lstm_model_combined/history_fold_1.csv
2024-09-29 13:51:07,243 - INFO - Training on Fold 2...
2024-09-29 13:52:29,455 - INFO - Fold 2 - Test Loss: 0.06057736277580261
2024-09-29 13:52:29,455 - INFO - Fold 2 - Test Accuracy: 0.9792431592941284
2024-09-29 13:52:29,455 - INFO - Fold 2 - Optimal Threshold: 0.49023088812828064
2024-09-29 13:52:29,456 - INFO - Fold 2 - Precision (Optimal Threshold): 0.9660502346121999
2024-09-29 13:52:29,456 - INFO - Fold 2 - Recall (Optimal Threshold): 0.9937535491198183
2024-09-29 13:52:29,456 - INFO - Fold 2 - F1 Score (Optimal Threshold): 0.979706088173548
2024-09-29 13:52:29,456 - INFO - Fold 2 - ROC-AUC: 0.9980880213617135
2024-09-29 13:52:29,487 - INFO - Model saved to ../../../models/cnn_model_combined/model_fold_2.keras
2024-09-29 13:52:29,489 - INFO - Training history saved to ../../../models/lstm_model_combined/history_fold_2.csv
2024-09-29 13:52:29,491 - INFO - Training on Fold 3...
2024-09-29 13:53:57,999 - INFO - Fold 3 - Test Loss: 0.057709310203790665
2024-09-29 13:53:58,000 - INFO - Fold 3 - Test Accuracy: 0.9803727865219116
2024-09-29 13:53:58,000 - INFO - Fold 3 - Optimal Threshold: 0.6638784408569336
2024-09-29 13:53:58,000 - INFO - Fold 3 - Precision (Optimal Threshold): 0.9702104400109319
2024-09-29 13:53:58,000 - INFO - Fold 3 - Recall (Optimal Threshold): 0.9918971779826767
2024-09-29 13:53:58,000 - INFO - Fold 3 - F1 Score (Optimal Threshold): 0.980933959657364
2024-09-29 13:53:58,000 - INFO - Fold 3 - ROC-AUC: 0.9987261547340933
2024-09-29 13:53:58,031 - INFO - Model saved to ../../../models/cnn_model_combined/model_fold_3.keras
2024-09-29 13:53:58,032 - INFO - Training history saved to ../../../models/lstm_model_combined/history_fold_3.csv
2024-09-29 13:53:58,033 - INFO - Training on Fold 4...
2024-09-29 13:55:26,983 - INFO - Fold 4 - Test Loss: 0.04963187128305435
2024-09-29 13:55:26,983 - INFO - Fold 4 - Test Accuracy: 0.9820672273635864
2024-09-29 13:55:26,983 - INFO - Fold 4 - Optimal Threshold: 0.4758816957473755
2024-09-29 13:55:26,983 - INFO - Fold 4 - Precision (Optimal Threshold): 0.9671766342141863
2024-09-29 13:55:26,983 - INFO - Fold 4 - Recall (Optimal Threshold): 0.9979908151549942
2024-09-29 13:55:26,983 - INFO - Fold 4 - F1 Score (Optimal Threshold): 0.9823421387201582
2024-09-29 13:55:26,983 - INFO - Fold 4 - ROC-AUC: 0.9989623811927663
2024-09-29 13:55:27,004 - INFO - Model saved to ../../../models/cnn_model_combined/model_fold_4.keras
2024-09-29 13:55:27,005 - INFO - Training history saved to ../../../models/lstm_model_combined/history_fold_4.csv
2024-09-29 13:55:27,005 - INFO - Training on Fold 5...
2024-09-29 13:56:56,967 - INFO - Fold 5 - Test Loss: 0.05469740554690361
2024-09-29 13:56:56,967 - INFO - Fold 5 - Test Accuracy: 0.9800903797149658
2024-09-29 13:56:56,967 - INFO - Fold 5 - Optimal Threshold: 0.6044023036956787
2024-09-29 13:56:56,967 - INFO - Fold 5 - Precision (Optimal Threshold): 0.9671361502347418
2024-09-29 13:56:56,967 - INFO - Fold 5 - Recall (Optimal Threshold): 0.9951690821256038
2024-09-29 13:56:56,967 - INFO - Fold 5 - F1 Score (Optimal Threshold): 0.9809523809523809
2024-09-29 13:56:56,967 - INFO - Fold 5 - ROC-AUC: 0.998628112159986
2024-09-29 13:56:57,009 - INFO - Model saved to ../../../models/cnn_model_combined/model_fold_5.keras
2024-09-29 13:56:57,013 - INFO - Training history saved to ../../../models/lstm_model_combined/history_fold_5.csv
2024-09-29 13:56:57,013 - INFO - K-Fold Cross-Validation Completed!
2024-09-29 14:05:32,242 - INFO - Class distribution before resampling: Machine failure
0    17715
1     2285
Name: count, dtype: int64
2024-09-29 14:05:32,254 - INFO - Class distribution after resampling: Machine failure
0    17715
1    17715
Name: count, dtype: int64
2024-09-29 14:05:32,255 - INFO - Training on Fold 1...
2024-09-29 14:08:18,802 - INFO - Fold 1 - Test Loss: 0.059937797486782074
2024-09-29 14:08:18,802 - INFO - Fold 1 - Test Accuracy: 0.9786783456802368
2024-09-29 14:08:18,802 - INFO - Fold 1 - Optimal Threshold: 0.6370874643325806
2024-09-29 14:08:18,803 - INFO - Fold 1 - Precision (Optimal Threshold): 0.9663526244952894
2024-09-29 14:08:18,803 - INFO - Fold 1 - Recall (Optimal Threshold): 0.9941844364441983
2024-09-29 14:08:18,803 - INFO - Fold 1 - F1 Score (Optimal Threshold): 0.98007098007098
2024-09-29 14:08:18,803 - INFO - Fold 1 - ROC-AUC: 0.9981255456753234
2024-09-29 14:08:18,856 - INFO - Model saved to ../../../models/cnn_model_combined/combined_fold_1.keras
2024-09-29 14:08:18,862 - INFO - Training history saved to ../../../models/cnn_model_combined/history_fold_1.csv
2024-09-29 14:08:18,863 - INFO - Training on Fold 2...
2024-09-29 14:11:02,795 - INFO - Fold 2 - Test Loss: 0.06407728791236877
2024-09-29 14:11:02,795 - INFO - Fold 2 - Test Accuracy: 0.9791019558906555
2024-09-29 14:11:02,795 - INFO - Fold 2 - Optimal Threshold: 0.5607213973999023
2024-09-29 14:11:02,795 - INFO - Fold 2 - Precision (Optimal Threshold): 0.9632070291048874
2024-09-29 14:11:02,795 - INFO - Fold 2 - Recall (Optimal Threshold): 0.9960249858035207
2024-09-29 14:11:02,795 - INFO - Fold 2 - F1 Score (Optimal Threshold): 0.9793411501954216
2024-09-29 14:11:02,795 - INFO - Fold 2 - ROC-AUC: 0.9979568235616894
2024-09-29 14:11:02,815 - INFO - Model saved to ../../../models/cnn_model_combined/combined_fold_2.keras
2024-09-29 14:11:02,817 - INFO - Training history saved to ../../../models/cnn_model_combined/history_fold_2.csv
2024-09-29 14:11:02,817 - INFO - Training on Fold 3...
2024-09-29 14:12:38,465 - INFO - Fold 3 - Test Loss: 0.054455000907182693
2024-09-29 14:12:38,465 - INFO - Fold 3 - Test Accuracy: 0.9800903797149658
2024-09-29 14:12:38,465 - INFO - Fold 3 - Optimal Threshold: 0.5488889217376709
2024-09-29 14:12:38,465 - INFO - Fold 3 - Precision (Optimal Threshold): 0.9678998911860718
2024-09-29 14:12:38,465 - INFO - Fold 3 - Recall (Optimal Threshold): 0.9941324392288349
2024-09-29 14:12:38,465 - INFO - Fold 3 - F1 Score (Optimal Threshold): 0.9808407994486561
2024-09-29 14:12:38,466 - INFO - Fold 3 - ROC-AUC: 0.998718138613795
2024-09-29 14:12:38,498 - INFO - Model saved to ../../../models/cnn_model_combined/combined_fold_3.keras
2024-09-29 14:12:38,500 - INFO - Training history saved to ../../../models/cnn_model_combined/history_fold_3.csv
2024-09-29 14:12:38,501 - INFO - Training on Fold 4...
2024-09-29 14:14:08,133 - INFO - Fold 4 - Test Loss: 0.05234510451555252
2024-09-29 14:14:08,133 - INFO - Fold 4 - Test Accuracy: 0.9816436171531677
2024-09-29 14:14:08,133 - INFO - Fold 4 - Optimal Threshold: 0.583260715007782
2024-09-29 14:14:08,133 - INFO - Fold 4 - Precision (Optimal Threshold): 0.9684621825286073
2024-09-29 14:14:08,133 - INFO - Fold 4 - Recall (Optimal Threshold): 0.9959816303099885
2024-09-29 14:14:08,133 - INFO - Fold 4 - F1 Score (Optimal Threshold): 0.9820291495684166
2024-09-29 14:14:08,134 - INFO - Fold 4 - ROC-AUC: 0.99884383721279
2024-09-29 14:14:08,157 - INFO - Model saved to ../../../models/cnn_model_combined/combined_fold_4.keras
2024-09-29 14:14:08,158 - INFO - Training history saved to ../../../models/cnn_model_combined/history_fold_4.csv
2024-09-29 14:14:08,160 - INFO - Training on Fold 5...
2024-09-29 14:15:37,738 - INFO - Fold 5 - Test Loss: 0.05515776947140694
2024-09-29 14:15:37,738 - INFO - Fold 5 - Test Accuracy: 0.9803727865219116
2024-09-29 14:15:37,738 - INFO - Fold 5 - Optimal Threshold: 0.5713079571723938
2024-09-29 14:15:37,738 - INFO - Fold 5 - Precision (Optimal Threshold): 0.9671270718232045
2024-09-29 14:15:37,738 - INFO - Fold 5 - Recall (Optimal Threshold): 0.9948849104859335
2024-09-29 14:15:37,738 - INFO - Fold 5 - F1 Score (Optimal Threshold): 0.9808096372040902
2024-09-29 14:15:37,739 - INFO - Fold 5 - ROC-AUC: 0.9984697161800855
2024-09-29 14:15:37,759 - INFO - Model saved to ../../../models/cnn_model_combined/combined_fold_5.keras
2024-09-29 14:15:37,761 - INFO - Training history saved to ../../../models/cnn_model_combined/history_fold_5.csv
2024-09-29 14:15:37,761 - INFO - K-Fold Cross-Validation Completed!
2024-10-06 15:23:57,396 - INFO - Class distribution before resampling: Machine failure
0    17715
1     2285
Name: count, dtype: int64
2024-10-06 15:23:57,409 - INFO - Class distribution after resampling: Machine failure
0    17715
1    17715
Name: count, dtype: int64
2024-10-06 15:23:57,410 - INFO - Training on Fold 1...
2024-10-06 15:25:52,825 - INFO - Fold 1 - Test Loss: 0.06594035029411316
2024-10-06 15:25:52,825 - INFO - Fold 1 - Test Accuracy: 0.9767014980316162
2024-10-06 15:25:52,825 - INFO - Fold 1 - Optimal Threshold: 0.5654523968696594
2024-10-06 15:25:52,825 - INFO - Fold 1 - Precision (Optimal Threshold): 0.9662162162162162
2024-10-06 15:25:52,825 - INFO - Fold 1 - Recall (Optimal Threshold): 0.9900304624757685
2024-10-06 15:25:52,825 - INFO - Fold 1 - F1 Score (Optimal Threshold): 0.977978388729312
2024-10-06 15:25:52,825 - INFO - Fold 1 - ROC-AUC: 0.997891298723027
2024-10-06 15:25:52,889 - INFO - Model saved to ../../../models/cnn_model_combined/combined_fold_1.keras
2024-10-06 15:25:52,894 - INFO - Training history saved to ../../../models/cnn_model_combined/history_fold_1.csv
2024-10-06 15:25:52,894 - INFO - Training on Fold 2...
2024-10-06 15:27:53,312 - INFO - Fold 2 - Test Loss: 0.06564301252365112
2024-10-06 15:27:53,312 - INFO - Fold 2 - Test Accuracy: 0.9751482605934143
2024-10-06 15:27:53,312 - INFO - Fold 2 - Optimal Threshold: 0.6767562031745911
2024-10-06 15:27:53,313 - INFO - Fold 2 - Precision (Optimal Threshold): 0.968236277514628
2024-10-06 15:27:53,313 - INFO - Fold 2 - Recall (Optimal Threshold): 0.9866553094832482
2024-10-06 15:27:53,313 - INFO - Fold 2 - F1 Score (Optimal Threshold): 0.9773590212347067
2024-10-06 15:27:53,313 - INFO - Fold 2 - ROC-AUC: 0.9977195908223749
2024-10-06 15:27:53,353 - INFO - Model saved to ../../../models/cnn_model_combined/combined_fold_2.keras
2024-10-06 15:27:53,355 - INFO - Training history saved to ../../../models/cnn_model_combined/history_fold_2.csv
2024-10-06 15:27:53,355 - INFO - Training on Fold 3...
2024-10-06 15:29:37,376 - INFO - Fold 3 - Test Loss: 0.06528911739587784
2024-10-06 15:29:37,376 - INFO - Fold 3 - Test Accuracy: 0.9738774299621582
2024-10-06 15:29:37,376 - INFO - Fold 3 - Optimal Threshold: 0.6733474731445312
2024-10-06 15:29:37,376 - INFO - Fold 3 - Precision (Optimal Threshold): 0.9679978118161926
2024-10-06 15:29:37,376 - INFO - Fold 3 - Recall (Optimal Threshold): 0.9888236937692093
2024-10-06 15:29:37,376 - INFO - Fold 3 - F1 Score (Optimal Threshold): 0.9782999308914997
2024-10-06 15:29:37,376 - INFO - Fold 3 - ROC-AUC: 0.9980795609112278
2024-10-06 15:29:37,414 - INFO - Model saved to ../../../models/cnn_model_combined/combined_fold_3.keras
2024-10-06 15:29:37,417 - INFO - Training history saved to ../../../models/cnn_model_combined/history_fold_3.csv
2024-10-06 15:29:37,418 - INFO - Training on Fold 4...
2024-10-06 15:31:27,689 - INFO - Fold 4 - Test Loss: 0.058950912207365036
2024-10-06 15:31:27,689 - INFO - Fold 4 - Test Accuracy: 0.9764190912246704
2024-10-06 15:31:27,689 - INFO - Fold 4 - Optimal Threshold: 0.6719075441360474
2024-10-06 15:31:27,690 - INFO - Fold 4 - Precision (Optimal Threshold): 0.9723242022027676
2024-10-06 15:31:27,690 - INFO - Fold 4 - Recall (Optimal Threshold): 0.9882319173363949
2024-10-06 15:31:27,690 - INFO - Fold 4 - F1 Score (Optimal Threshold): 0.9802135231316726
2024-10-06 15:31:27,690 - INFO - Fold 4 - ROC-AUC: 0.9983771600372447
2024-10-06 15:31:27,728 - INFO - Model saved to ../../../models/cnn_model_combined/combined_fold_4.keras
2024-10-06 15:31:27,730 - INFO - Training history saved to ../../../models/cnn_model_combined/history_fold_4.csv
2024-10-06 15:31:27,731 - INFO - Training on Fold 5...
2024-10-06 15:33:32,846 - INFO - Fold 5 - Test Loss: 0.06783946603536606
2024-10-06 15:33:32,846 - INFO - Fold 5 - Test Accuracy: 0.9751482605934143
2024-10-06 15:33:32,846 - INFO - Fold 5 - Optimal Threshold: 0.6323602199554443
2024-10-06 15:33:32,846 - INFO - Fold 5 - Precision (Optimal Threshold): 0.9638520971302428
2024-10-06 15:33:32,846 - INFO - Fold 5 - Recall (Optimal Threshold): 0.9926115373685707
2024-10-06 15:33:32,846 - INFO - Fold 5 - F1 Score (Optimal Threshold): 0.9780204395912082
2024-10-06 15:33:32,846 - INFO - Fold 5 - ROC-AUC: 0.9980234797714536
2024-10-06 15:33:32,875 - INFO - Model saved to ../../../models/cnn_model_combined/combined_fold_5.keras
2024-10-06 15:33:32,877 - INFO - Training history saved to ../../../models/cnn_model_combined/history_fold_5.csv
2024-10-06 15:33:32,877 - INFO - K-Fold Cross-Validation Completed!
2024-10-12 13:55:43,767 - INFO - Class distribution before resampling: Machine failure
0    17715
1     2285
Name: count, dtype: int64
2024-10-12 13:55:43,781 - INFO - Class distribution after resampling: Machine failure
0    17715
1    17715
Name: count, dtype: int64
2024-10-12 13:55:43,783 - INFO - Training on Fold 1...
2024-10-12 14:30:56,204 - INFO - Class distribution before resampling: Machine failure
0    17715
1     2285
Name: count, dtype: int64
2024-10-12 14:30:56,213 - INFO - Scaler saved to ../../../models/cnn_model_combined/scaler_nn.pkl
2024-10-12 14:30:56,221 - INFO - Class distribution after resampling: Machine failure
0    17715
1    17715
Name: count, dtype: int64
2024-10-12 14:30:56,223 - INFO - Training on Fold 1...
2024-10-12 14:32:57,635 - INFO - Fold 1 - Test Loss: 0.06644439697265625
2024-10-12 14:32:57,635 - INFO - Fold 1 - Test Accuracy: 0.9759954810142517
2024-10-12 14:32:57,635 - INFO - Fold 1 - Optimal Threshold: 0.5822908282279968
2024-10-12 14:32:57,635 - INFO - Fold 1 - Precision (Optimal Threshold): 0.9669376693766938
2024-10-12 14:32:57,636 - INFO - Fold 1 - Recall (Optimal Threshold): 0.9880919412905013
2024-10-12 14:32:57,636 - INFO - Fold 1 - F1 Score (Optimal Threshold): 0.9774003561156006
2024-10-12 14:32:57,636 - INFO - Fold 1 - ROC-AUC: 0.9978964847080064
2024-10-12 14:32:57,679 - INFO - Model saved to ../../../models/cnn_model_combined/combined_fold_1.keras
2024-10-12 14:32:57,686 - INFO - Training history saved to ../../../models/cnn_model_combined/history_fold_1.csv
2024-10-12 14:32:57,686 - INFO - Training on Fold 2...
2024-10-12 14:36:10,803 - INFO - Fold 2 - Test Loss: 0.06987457722425461
2024-10-12 14:36:10,803 - INFO - Fold 2 - Test Accuracy: 0.9740186333656311
2024-10-12 14:36:10,803 - INFO - Fold 2 - Optimal Threshold: 0.6258419752120972
2024-10-12 14:36:10,803 - INFO - Fold 2 - Precision (Optimal Threshold): 0.9661768782922096
2024-10-12 14:36:10,803 - INFO - Fold 2 - Recall (Optimal Threshold): 0.9894946053378763
2024-10-12 14:36:10,803 - INFO - Fold 2 - F1 Score (Optimal Threshold): 0.9776967316594193
2024-10-12 14:36:10,804 - INFO - Fold 2 - ROC-AUC: 0.9975631105283641
2024-10-12 14:36:11,005 - INFO - Model saved to ../../../models/cnn_model_combined/combined_fold_2.keras
2024-10-12 14:36:11,010 - INFO - Training history saved to ../../../models/cnn_model_combined/history_fold_2.csv
2024-10-12 14:36:11,011 - INFO - Training on Fold 3...
2024-10-12 14:41:37,068 - INFO - Fold 3 - Test Loss: 0.06394337862730026
2024-10-12 14:41:37,069 - INFO - Fold 3 - Test Accuracy: 0.9723241925239563
2024-10-12 14:41:37,069 - INFO - Fold 3 - Optimal Threshold: 0.6527361869812012
2024-10-12 14:41:37,069 - INFO - Fold 3 - Precision (Optimal Threshold): 0.9695556774547449
2024-10-12 14:41:37,070 - INFO - Fold 3 - Recall (Optimal Threshold): 0.9877060631461302
2024-10-12 14:41:37,070 - INFO - Fold 3 - F1 Score (Optimal Threshold): 0.9785467128027682
2024-10-12 14:41:37,070 - INFO - Fold 3 - ROC-AUC: 0.9983200445201762
2024-10-12 14:41:37,265 - INFO - Model saved to ../../../models/cnn_model_combined/combined_fold_3.keras
2024-10-12 14:41:37,280 - INFO - Training history saved to ../../../models/cnn_model_combined/history_fold_3.csv
2024-10-12 14:41:37,281 - INFO - Training on Fold 4...
2024-10-12 14:47:22,895 - INFO - Fold 4 - Test Loss: 0.06226108968257904
2024-10-12 14:47:22,897 - INFO - Fold 4 - Test Accuracy: 0.976983904838562
2024-10-12 14:47:22,898 - INFO - Fold 4 - Optimal Threshold: 0.6316338777542114
2024-10-12 14:47:22,898 - INFO - Fold 4 - Precision (Optimal Threshold): 0.9680672268907563
2024-10-12 14:47:22,898 - INFO - Fold 4 - Recall (Optimal Threshold): 0.9919632606199771
2024-10-12 14:47:22,899 - INFO - Fold 4 - F1 Score (Optimal Threshold): 0.9798695775446555
2024-10-12 14:47:22,899 - INFO - Fold 4 - ROC-AUC: 0.9983612052620122
2024-10-12 14:47:23,291 - INFO - Model saved to ../../../models/cnn_model_combined/combined_fold_4.keras
2024-10-12 14:47:23,299 - INFO - Training history saved to ../../../models/cnn_model_combined/history_fold_4.csv
2024-10-12 14:47:23,300 - INFO - Training on Fold 5...
2024-10-12 14:54:42,177 - INFO - Fold 5 - Test Loss: 0.06357461959123611
2024-10-12 14:54:42,177 - INFO - Fold 5 - Test Accuracy: 0.975571870803833
2024-10-12 14:54:42,178 - INFO - Fold 5 - Optimal Threshold: 0.6748207211494446
2024-10-12 14:54:42,178 - INFO - Fold 5 - Precision (Optimal Threshold): 0.9693080357142857
2024-10-12 14:54:42,178 - INFO - Fold 5 - Recall (Optimal Threshold): 0.9872122762148338
2024-10-12 14:54:42,178 - INFO - Fold 5 - F1 Score (Optimal Threshold): 0.9781782345487822
2024-10-12 14:54:42,178 - INFO - Fold 5 - ROC-AUC: 0.9979995528862722
2024-10-12 14:54:42,449 - INFO - Model saved to ../../../models/cnn_model_combined/combined_fold_5.keras
2024-10-12 14:54:42,468 - INFO - Training history saved to ../../../models/cnn_model_combined/history_fold_5.csv
2024-10-12 14:54:42,468 - INFO - K-Fold Cross-Validation Completed!
