2024-09-03 10:44:01,616 - INFO - Starting data preparation for LSTM training
2024-09-03 10:44:01,781 - INFO - Data loaded from ../../data/simulation/simulate_processed_sensor_data_with_lags.csv, shape: (5990, 186)
2024-09-03 10:44:01,784 - INFO - Selected feature columns: ['air temperature [K]', 'process temperature [K]', 'rotational speed [rpm]', 'torque [Nm]', 'tool wear [min]']
2024-09-03 10:44:01,784 - INFO - Target column: machine failure
2024-09-03 10:47:30,129 - INFO - Starting data preparation for LSTM training
2024-09-03 10:47:30,272 - INFO - Data loaded from ../../data/simulation/simulate_processed_sensor_data_with_lags.csv, shape: (5990, 186)
2024-09-03 10:47:30,284 - INFO - Selected feature columns: ['air temperature [K]', 'process temperature [K]', 'rotational speed [rpm]', 'torque [Nm]', 'tool wear [min]']
2024-09-03 10:47:30,284 - INFO - Target column: machine failure
2024-09-03 11:17:12,240 - INFO - Starting data preparation for LSTM training
2024-09-03 11:17:12,373 - INFO - Data loaded from ../../data/simulation/simulate_processed_sensor_data_with_lags.csv, shape: (5990, 186)
2024-09-03 11:17:12,377 - INFO - No missing values detected.
2024-09-03 11:17:12,391 - INFO - Data types:
UDI                          int64
Product ID                  object
Type                        object
Air temperature [K]        float64
Process temperature [K]    float64
                            ...   
lag_1_lag_5                float64
lag_2_lag_5                float64
lag_3_lag_5                float64
lag_4_lag_5                float64
lag_5_lag_5                float64
Length: 186, dtype: object
2024-09-03 11:17:12,391 - INFO - Selected feature columns: ['Air temperature [K]', 'Process temperature [K]', 'Rotational speed [rpm]', 'Torque [Nm]', 'Tool wear [min]', 'Air temperature [K]_lag_1', 'Air temperature [K]_lag_2', 'Air temperature [K]_lag_3', 'Air temperature [K]_lag_4', 'Air temperature [K]_lag_5', 'Process temperature [K]_lag_1', 'Process temperature [K]_lag_2', 'Process temperature [K]_lag_3', 'Process temperature [K]_lag_4', 'Process temperature [K]_lag_5', 'Rotational speed [rpm]_lag_1', 'Rotational speed [rpm]_lag_2', 'Rotational speed [rpm]_lag_3', 'Rotational speed [rpm]_lag_4', 'Rotational speed [rpm]_lag_5', 'Torque [Nm]_lag_1', 'Torque [Nm]_lag_2', 'Torque [Nm]_lag_3', 'Torque [Nm]_lag_4', 'Torque [Nm]_lag_5', 'Tool wear [min]_lag_1', 'Tool wear [min]_lag_2', 'Tool wear [min]_lag_3', 'Tool wear [min]_lag_4', 'Tool wear [min]_lag_5']
2024-09-03 11:17:12,393 - INFO - All selected features are present in the dataset.
2024-09-03 11:17:12,394 - INFO - Target column: Machine failure
2024-09-03 11:17:12,414 - INFO - Feature scaling applied using StandardScaler.
2024-09-03 11:17:12,421 - INFO - Data split into training and test sets: Training set size: 4792, Test set size: 1198
2024-09-03 11:17:12,652 - INFO - Prepared datasets saved to processed directory.
2024-09-03 11:17:12,652 - INFO - Data preparation for LSTM training completed successfully.
2024-09-03 11:19:20,212 - INFO - Starting data preparation for LSTM training
2024-09-03 11:19:20,353 - INFO - Data loaded from ../../data/simulation/simulate_processed_sensor_data_with_lags.csv, shape: (5990, 186)
2024-09-03 11:19:20,355 - INFO - No missing values detected.
2024-09-03 11:19:20,355 - INFO - Data types:
UDI                          int64
Product ID                  object
Type                        object
Air temperature [K]        float64
Process temperature [K]    float64
                            ...   
lag_1_lag_5                float64
lag_2_lag_5                float64
lag_3_lag_5                float64
lag_4_lag_5                float64
lag_5_lag_5                float64
Length: 186, dtype: object
2024-09-03 11:19:20,355 - INFO - Selected feature columns: ['Air temperature [K]', 'Process temperature [K]', 'Rotational speed [rpm]', 'Torque [Nm]', 'Tool wear [min]', 'Air temperature [K]_lag_1', 'Air temperature [K]_lag_2', 'Air temperature [K]_lag_3', 'Air temperature [K]_lag_4', 'Air temperature [K]_lag_5', 'Process temperature [K]_lag_1', 'Process temperature [K]_lag_2', 'Process temperature [K]_lag_3', 'Process temperature [K]_lag_4', 'Process temperature [K]_lag_5', 'Rotational speed [rpm]_lag_1', 'Rotational speed [rpm]_lag_2', 'Rotational speed [rpm]_lag_3', 'Rotational speed [rpm]_lag_4', 'Rotational speed [rpm]_lag_5', 'Torque [Nm]_lag_1', 'Torque [Nm]_lag_2', 'Torque [Nm]_lag_3', 'Torque [Nm]_lag_4', 'Torque [Nm]_lag_5', 'Tool wear [min]_lag_1', 'Tool wear [min]_lag_2', 'Tool wear [min]_lag_3', 'Tool wear [min]_lag_4', 'Tool wear [min]_lag_5']
2024-09-03 11:19:20,355 - INFO - All selected features are present in the dataset.
2024-09-03 11:19:20,355 - INFO - Target column: Machine failure
2024-09-03 11:19:20,363 - INFO - Feature scaling applied using StandardScaler.
2024-09-03 11:19:20,368 - INFO - Data split into training and test sets: Training set size: 4792, Test set size: 1198
2024-09-03 11:19:20,586 - INFO - Prepared datasets saved to processed directory.
2024-09-03 11:19:20,586 - INFO - Data preparation for LSTM training completed successfully.
2024-09-03 11:28:29,629 - INFO - Starting data preparation for LSTM training
2024-09-03 11:29:01,756 - INFO - Starting data preparation for LSTM training
2024-09-03 11:29:02,155 - INFO - Data loaded from ../../data/processed/combined_data.csv, shape: (14647, 186)
2024-09-03 11:29:02,164 - INFO - No missing values detected.
2024-09-03 11:29:02,165 - INFO - Data types:
UDI                        float64
Product ID                  object
Type                        object
Air temperature [K]        float64
Process temperature [K]    float64
                            ...   
lag_1_lag_5                float64
lag_2_lag_5                float64
lag_3_lag_5                float64
lag_4_lag_5                float64
lag_5_lag_5                float64
Length: 186, dtype: object
2024-09-03 11:29:02,165 - INFO - Selected feature columns: ['Air temperature [K]', 'Process temperature [K]', 'Rotational speed [rpm]', 'Torque [Nm]', 'Tool wear [min]', 'Air temperature [K]_lag_1', 'Air temperature [K]_lag_2', 'Air temperature [K]_lag_3', 'Air temperature [K]_lag_4', 'Air temperature [K]_lag_5', 'Process temperature [K]_lag_1', 'Process temperature [K]_lag_2', 'Process temperature [K]_lag_3', 'Process temperature [K]_lag_4', 'Process temperature [K]_lag_5', 'Rotational speed [rpm]_lag_1', 'Rotational speed [rpm]_lag_2', 'Rotational speed [rpm]_lag_3', 'Rotational speed [rpm]_lag_4', 'Rotational speed [rpm]_lag_5', 'Torque [Nm]_lag_1', 'Torque [Nm]_lag_2', 'Torque [Nm]_lag_3', 'Torque [Nm]_lag_4', 'Torque [Nm]_lag_5', 'Tool wear [min]_lag_1', 'Tool wear [min]_lag_2', 'Tool wear [min]_lag_3', 'Tool wear [min]_lag_4', 'Tool wear [min]_lag_5']
2024-09-03 11:29:02,165 - INFO - All selected features are present in the dataset.
2024-09-03 11:29:02,166 - INFO - Target column: Machine failure
2024-09-03 11:29:02,179 - INFO - Feature scaling applied using StandardScaler.
2024-09-03 11:29:02,190 - INFO - Data split into training and test sets: Training set size: 11717, Test set size: 2930
2024-09-03 11:29:02,737 - INFO - Prepared datasets saved to processed directory.
2024-09-03 11:29:02,737 - INFO - Data preparation for LSTM training completed successfully.
2024-09-03 11:30:16,240 - INFO - Starting data preparation for LSTM training
2024-09-03 11:30:16,455 - INFO - Data loaded from ../../data/processed/processed_data_with_lags.csv, shape: (8657, 186)
2024-09-03 11:30:16,460 - INFO - No missing values detected.
2024-09-03 11:30:16,460 - INFO - Data types:
UDI                        float64
Product ID                  object
Type                        object
Air temperature [K]        float64
Process temperature [K]    float64
                            ...   
lag_1_lag_5                float64
lag_2_lag_5                float64
lag_3_lag_5                float64
lag_4_lag_5                float64
lag_5_lag_5                float64
Length: 186, dtype: object
2024-09-03 11:30:16,461 - INFO - Selected feature columns: ['Air temperature [K]', 'Process temperature [K]', 'Rotational speed [rpm]', 'Torque [Nm]', 'Tool wear [min]', 'Air temperature [K]_lag_1', 'Air temperature [K]_lag_2', 'Air temperature [K]_lag_3', 'Air temperature [K]_lag_4', 'Air temperature [K]_lag_5', 'Process temperature [K]_lag_1', 'Process temperature [K]_lag_2', 'Process temperature [K]_lag_3', 'Process temperature [K]_lag_4', 'Process temperature [K]_lag_5', 'Rotational speed [rpm]_lag_1', 'Rotational speed [rpm]_lag_2', 'Rotational speed [rpm]_lag_3', 'Rotational speed [rpm]_lag_4', 'Rotational speed [rpm]_lag_5', 'Torque [Nm]_lag_1', 'Torque [Nm]_lag_2', 'Torque [Nm]_lag_3', 'Torque [Nm]_lag_4', 'Torque [Nm]_lag_5', 'Tool wear [min]_lag_1', 'Tool wear [min]_lag_2', 'Tool wear [min]_lag_3', 'Tool wear [min]_lag_4', 'Tool wear [min]_lag_5']
2024-09-03 11:30:16,461 - INFO - All selected features are present in the dataset.
2024-09-03 11:30:16,461 - INFO - Target column: Machine failure
2024-09-03 11:30:16,471 - INFO - Feature scaling applied using StandardScaler.
2024-09-03 11:30:16,476 - INFO - Data split into training and test sets: Training set size: 6925, Test set size: 1732
2024-09-03 11:30:16,798 - INFO - Prepared datasets saved to processed directory.
2024-09-03 11:30:16,798 - INFO - Data preparation for LSTM training completed successfully.
2024-09-04 16:58:39,594 - INFO - Starting data preparation for CNN training
2024-09-04 16:58:39,807 - INFO - Data loaded from ../../../data/processed/processed_data_with_lags.csv, shape: (8657, 186)
2024-09-04 16:58:39,811 - INFO - No missing values detected.
2024-09-04 16:58:39,812 - INFO - Data types:
UDI                        float64
Product ID                  object
Type                        object
Air temperature [K]        float64
Process temperature [K]    float64
                            ...   
lag_1_lag_5                float64
lag_2_lag_5                float64
lag_3_lag_5                float64
lag_4_lag_5                float64
lag_5_lag_5                float64
Length: 186, dtype: object
2024-09-04 16:58:39,812 - INFO - Selected feature columns: ['Air temperature [K]', 'Process temperature [K]', 'Rotational speed [rpm]', 'Torque [Nm]', 'Tool wear [min]', 'Air temperature [K]_lag_1', 'Air temperature [K]_lag_2', 'Air temperature [K]_lag_3', 'Air temperature [K]_lag_4', 'Air temperature [K]_lag_5', 'Process temperature [K]_lag_1', 'Process temperature [K]_lag_2', 'Process temperature [K]_lag_3', 'Process temperature [K]_lag_4', 'Process temperature [K]_lag_5', 'Rotational speed [rpm]_lag_1', 'Rotational speed [rpm]_lag_2', 'Rotational speed [rpm]_lag_3', 'Rotational speed [rpm]_lag_4', 'Rotational speed [rpm]_lag_5', 'Torque [Nm]_lag_1', 'Torque [Nm]_lag_2', 'Torque [Nm]_lag_3', 'Torque [Nm]_lag_4', 'Torque [Nm]_lag_5', 'Tool wear [min]_lag_1', 'Tool wear [min]_lag_2', 'Tool wear [min]_lag_3', 'Tool wear [min]_lag_4', 'Tool wear [min]_lag_5']
2024-09-04 16:58:39,813 - INFO - All selected features are present in the dataset.
2024-09-04 16:58:39,813 - INFO - Target column: Machine failure
2024-09-04 16:58:39,822 - INFO - Feature scaling applied using StandardScaler.
2024-09-04 16:58:39,825 - INFO - Data reshaped for CNN: (8657, 1, 30)
2024-09-04 16:58:39,828 - INFO - Data split into training and test sets: Training set size: 6925, Test set size: 1732
2024-09-04 16:58:39,830 - INFO - Prepared datasets saved to processed directory.
2024-09-04 16:58:39,830 - INFO - Data preparation for CNN training completed successfully.
2024-09-04 17:01:31,651 - INFO - Starting data preparation for CNN training
2024-09-04 17:01:31,969 - INFO - Data loaded from ../../../data/processed/combined_data.csv, shape: (14647, 186)
2024-09-04 17:01:31,976 - INFO - No missing values detected.
2024-09-04 17:01:31,977 - INFO - Data types:
UDI                        float64
Product ID                  object
Type                        object
Air temperature [K]        float64
Process temperature [K]    float64
                            ...   
lag_1_lag_5                float64
lag_2_lag_5                float64
lag_3_lag_5                float64
lag_4_lag_5                float64
lag_5_lag_5                float64
Length: 186, dtype: object
2024-09-04 17:01:31,977 - INFO - Selected feature columns: ['Air temperature [K]', 'Process temperature [K]', 'Rotational speed [rpm]', 'Torque [Nm]', 'Tool wear [min]', 'Air temperature [K]_lag_1', 'Air temperature [K]_lag_2', 'Air temperature [K]_lag_3', 'Air temperature [K]_lag_4', 'Air temperature [K]_lag_5', 'Process temperature [K]_lag_1', 'Process temperature [K]_lag_2', 'Process temperature [K]_lag_3', 'Process temperature [K]_lag_4', 'Process temperature [K]_lag_5', 'Rotational speed [rpm]_lag_1', 'Rotational speed [rpm]_lag_2', 'Rotational speed [rpm]_lag_3', 'Rotational speed [rpm]_lag_4', 'Rotational speed [rpm]_lag_5', 'Torque [Nm]_lag_1', 'Torque [Nm]_lag_2', 'Torque [Nm]_lag_3', 'Torque [Nm]_lag_4', 'Torque [Nm]_lag_5', 'Tool wear [min]_lag_1', 'Tool wear [min]_lag_2', 'Tool wear [min]_lag_3', 'Tool wear [min]_lag_4', 'Tool wear [min]_lag_5']
2024-09-04 17:01:31,977 - INFO - All selected features are present in the dataset.
2024-09-04 17:01:31,977 - INFO - Target column: Machine failure
2024-09-04 17:01:31,989 - INFO - Feature scaling applied using StandardScaler.
2024-09-04 17:01:31,995 - INFO - Data reshaped for CNN: (14647, 1, 30)
2024-09-04 17:01:31,998 - INFO - Data split into training and test sets: Training set size: 11717, Test set size: 2930
2024-09-04 17:01:32,001 - INFO - Prepared datasets saved to prepare_cnn_training_data directory.
2024-09-04 17:01:32,001 - INFO - Data preparation for CNN training completed successfully.
2024-09-04 17:04:44,848 - INFO - Starting data preparation for CNN training
2024-09-04 17:04:45,026 - INFO - Data loaded from ../../../data/simulation/simulate_processed_sensor_data_with_lags.csv, shape: (5990, 186)
2024-09-04 17:04:45,030 - INFO - No missing values detected.
2024-09-04 17:04:45,031 - INFO - Data types:
UDI                          int64
Product ID                  object
Type                        object
Air temperature [K]        float64
Process temperature [K]    float64
                            ...   
lag_1_lag_5                float64
lag_2_lag_5                float64
lag_3_lag_5                float64
lag_4_lag_5                float64
lag_5_lag_5                float64
Length: 186, dtype: object
2024-09-04 17:04:45,031 - INFO - Selected feature columns: ['Air temperature [K]', 'Process temperature [K]', 'Rotational speed [rpm]', 'Torque [Nm]', 'Tool wear [min]', 'Air temperature [K]_lag_1', 'Air temperature [K]_lag_2', 'Air temperature [K]_lag_3', 'Air temperature [K]_lag_4', 'Air temperature [K]_lag_5', 'Process temperature [K]_lag_1', 'Process temperature [K]_lag_2', 'Process temperature [K]_lag_3', 'Process temperature [K]_lag_4', 'Process temperature [K]_lag_5', 'Rotational speed [rpm]_lag_1', 'Rotational speed [rpm]_lag_2', 'Rotational speed [rpm]_lag_3', 'Rotational speed [rpm]_lag_4', 'Rotational speed [rpm]_lag_5', 'Torque [Nm]_lag_1', 'Torque [Nm]_lag_2', 'Torque [Nm]_lag_3', 'Torque [Nm]_lag_4', 'Torque [Nm]_lag_5', 'Tool wear [min]_lag_1', 'Tool wear [min]_lag_2', 'Tool wear [min]_lag_3', 'Tool wear [min]_lag_4', 'Tool wear [min]_lag_5']
2024-09-04 17:04:45,031 - INFO - All selected features are present in the dataset.
2024-09-04 17:04:45,031 - INFO - Target column: Machine failure
2024-09-04 17:04:45,040 - INFO - Feature scaling applied using StandardScaler.
2024-09-04 17:04:45,043 - INFO - Data reshaped for CNN: (5990, 1, 30)
2024-09-04 17:04:45,044 - INFO - Data split into training and test sets: Training set size: 4792, Test set size: 1198
2024-09-04 17:04:45,047 - INFO - Prepared datasets saved to prepare_cnn_training_data directory.
2024-09-04 17:04:45,047 - INFO - Data preparation for CNN training completed successfully.
2024-09-05 18:08:33,673 - INFO - Starting data preparation for CNN-LSTM training
2024-09-05 18:08:34,000 - INFO - Data loaded from ../../../data/processed/combined_data.csv, shape: (14647, 186)
2024-09-05 18:08:34,008 - INFO - No missing values detected.
2024-09-05 18:08:34,009 - INFO - Data types:
UDI                        float64
Product ID                  object
Type                        object
Air temperature [K]        float64
Process temperature [K]    float64
                            ...
lag_1_lag_5                float64
lag_2_lag_5                float64
lag_3_lag_5                float64
lag_4_lag_5                float64
lag_5_lag_5                float64
Length: 186, dtype: object
2024-09-05 18:08:34,009 - INFO - Selected feature columns: ['Air temperature [K]', 'Process temperature [K]', 'Rotational speed [rpm]', 'Torque [Nm]', 'Tool wear [min]', 'Air temperature [K]_lag_1', 'Air temperature [K]_lag_2', 'Air temperature [K]_lag_3', 'Air temperature [K]_lag_4', 'Air temperature [K]_lag_5', 'Process temperature [K]_lag_1', 'Process temperature [K]_lag_2', 'Process temperature [K]_lag_3', 'Process temperature [K]_lag_4', 'Process temperature [K]_lag_5', 'Rotational speed [rpm]_lag_1', 'Rotational speed [rpm]_lag_2', 'Rotational speed [rpm]_lag_3', 'Rotational speed [rpm]_lag_4', 'Rotational speed [rpm]_lag_5', 'Torque [Nm]_lag_1', 'Torque [Nm]_lag_2', 'Torque [Nm]_lag_3', 'Torque [Nm]_lag_4', 'Torque [Nm]_lag_5', 'Tool wear [min]_lag_1', 'Tool wear [min]_lag_2', 'Tool wear [min]_lag_3', 'Tool wear [min]_lag_4', 'Tool wear [min]_lag_5']
2024-09-05 18:08:34,011 - INFO - All selected features are present in the dataset.
2024-09-05 18:08:34,011 - INFO - Target column: Machine failure
2024-09-05 18:08:34,028 - INFO - Feature scaling applied using StandardScaler.
2024-09-05 18:08:34,032 - INFO - Data reshaped for CNN-LSTM: (14647, 1, 30)
2024-09-05 18:08:34,037 - INFO - Data split into training and test sets: Training set size: 11717, Test set size: 2930
2024-09-05 18:09:29,317 - INFO - Starting data preparation for CNN-LSTM training
2024-09-05 18:09:29,636 - INFO - Data loaded from ../../../data/processed/combined_data.csv, shape: (14647, 186)
2024-09-05 18:09:29,644 - INFO - No missing values detected.
2024-09-05 18:09:29,645 - INFO - Data types:
UDI                        float64
Product ID                  object
Type                        object
Air temperature [K]        float64
Process temperature [K]    float64
                            ...
lag_1_lag_5                float64
lag_2_lag_5                float64
lag_3_lag_5                float64
lag_4_lag_5                float64
lag_5_lag_5                float64
Length: 186, dtype: object
2024-09-05 18:09:29,646 - INFO - Selected feature columns: ['Air temperature [K]', 'Process temperature [K]', 'Rotational speed [rpm]', 'Torque [Nm]', 'Tool wear [min]', 'Air temperature [K]_lag_1', 'Air temperature [K]_lag_2', 'Air temperature [K]_lag_3', 'Air temperature [K]_lag_4', 'Air temperature [K]_lag_5', 'Process temperature [K]_lag_1', 'Process temperature [K]_lag_2', 'Process temperature [K]_lag_3', 'Process temperature [K]_lag_4', 'Process temperature [K]_lag_5', 'Rotational speed [rpm]_lag_1', 'Rotational speed [rpm]_lag_2', 'Rotational speed [rpm]_lag_3', 'Rotational speed [rpm]_lag_4', 'Rotational speed [rpm]_lag_5', 'Torque [Nm]_lag_1', 'Torque [Nm]_lag_2', 'Torque [Nm]_lag_3', 'Torque [Nm]_lag_4', 'Torque [Nm]_lag_5', 'Tool wear [min]_lag_1', 'Tool wear [min]_lag_2', 'Tool wear [min]_lag_3', 'Tool wear [min]_lag_4', 'Tool wear [min]_lag_5']
2024-09-05 18:09:29,646 - INFO - All selected features are present in the dataset.
2024-09-05 18:09:29,646 - INFO - Target column: Machine failure
2024-09-05 18:09:29,659 - INFO - Feature scaling applied using StandardScaler.
2024-09-05 18:09:29,664 - INFO - Data reshaped for CNN-LSTM: (14647, 1, 30)
2024-09-05 18:09:29,667 - INFO - Data split into training and test sets: Training set size: 11717, Test set size: 2930
2024-09-05 18:09:29,681 - INFO - Prepared datasets saved to prepare_cnn_lstm_training_data directory.
2024-09-05 18:09:29,681 - INFO - Data preparation for CNN-LSTM training completed successfully.
2024-09-05 18:14:04,776 - INFO - Starting data preparation for CNN-LSTM training
2024-09-05 18:14:04,993 - INFO - Data loaded from ../../../data/processed/processed_data_with_lags.csv, shape: (8657, 186)
2024-09-05 18:14:04,997 - INFO - No missing values detected.
2024-09-05 18:14:04,998 - INFO - Data types:
UDI                        float64
Product ID                  object
Type                        object
Air temperature [K]        float64
Process temperature [K]    float64
                            ...   
lag_1_lag_5                float64
lag_2_lag_5                float64
lag_3_lag_5                float64
lag_4_lag_5                float64
lag_5_lag_5                float64
Length: 186, dtype: object
2024-09-05 18:14:04,999 - INFO - Selected feature columns: ['Air temperature [K]', 'Process temperature [K]', 'Rotational speed [rpm]', 'Torque [Nm]', 'Tool wear [min]', 'Air temperature [K]_lag_1', 'Air temperature [K]_lag_2', 'Air temperature [K]_lag_3', 'Air temperature [K]_lag_4', 'Air temperature [K]_lag_5', 'Process temperature [K]_lag_1', 'Process temperature [K]_lag_2', 'Process temperature [K]_lag_3', 'Process temperature [K]_lag_4', 'Process temperature [K]_lag_5', 'Rotational speed [rpm]_lag_1', 'Rotational speed [rpm]_lag_2', 'Rotational speed [rpm]_lag_3', 'Rotational speed [rpm]_lag_4', 'Rotational speed [rpm]_lag_5', 'Torque [Nm]_lag_1', 'Torque [Nm]_lag_2', 'Torque [Nm]_lag_3', 'Torque [Nm]_lag_4', 'Torque [Nm]_lag_5', 'Tool wear [min]_lag_1', 'Tool wear [min]_lag_2', 'Tool wear [min]_lag_3', 'Tool wear [min]_lag_4', 'Tool wear [min]_lag_5']
2024-09-05 18:14:04,999 - INFO - All selected features are present in the dataset.
2024-09-05 18:14:04,999 - INFO - Target column: Machine failure
2024-09-05 18:14:05,010 - INFO - Feature scaling applied using StandardScaler.
2024-09-05 18:14:05,013 - INFO - Data reshaped for CNN-LSTM: (8657, 1, 30)
2024-09-05 18:14:05,014 - INFO - Data split into training and test sets: Training set size: 6925, Test set size: 1732
2024-09-05 18:14:05,016 - INFO - Prepared datasets saved to prepare_cnn_lstm_training_data directory.
2024-09-05 18:14:05,018 - INFO - Data preparation for CNN-LSTM training completed successfully.
2024-09-05 18:15:38,143 - INFO - Starting data preparation for CNN-LSTM training
2024-09-05 18:15:38,321 - INFO - Data loaded from ../../../data/simulation/simulate_processed_sensor_data_with_lags.csv, shape: (5990, 186)
2024-09-05 18:15:38,326 - INFO - No missing values detected.
2024-09-05 18:15:38,327 - INFO - Data types:
UDI                          int64
Product ID                  object
Type                        object
Air temperature [K]        float64
Process temperature [K]    float64
                            ...   
lag_1_lag_5                float64
lag_2_lag_5                float64
lag_3_lag_5                float64
lag_4_lag_5                float64
lag_5_lag_5                float64
Length: 186, dtype: object
2024-09-05 18:15:38,327 - INFO - Selected feature columns: ['Air temperature [K]', 'Process temperature [K]', 'Rotational speed [rpm]', 'Torque [Nm]', 'Tool wear [min]', 'Air temperature [K]_lag_1', 'Air temperature [K]_lag_2', 'Air temperature [K]_lag_3', 'Air temperature [K]_lag_4', 'Air temperature [K]_lag_5', 'Process temperature [K]_lag_1', 'Process temperature [K]_lag_2', 'Process temperature [K]_lag_3', 'Process temperature [K]_lag_4', 'Process temperature [K]_lag_5', 'Rotational speed [rpm]_lag_1', 'Rotational speed [rpm]_lag_2', 'Rotational speed [rpm]_lag_3', 'Rotational speed [rpm]_lag_4', 'Rotational speed [rpm]_lag_5', 'Torque [Nm]_lag_1', 'Torque [Nm]_lag_2', 'Torque [Nm]_lag_3', 'Torque [Nm]_lag_4', 'Torque [Nm]_lag_5', 'Tool wear [min]_lag_1', 'Tool wear [min]_lag_2', 'Tool wear [min]_lag_3', 'Tool wear [min]_lag_4', 'Tool wear [min]_lag_5']
2024-09-05 18:15:38,327 - INFO - All selected features are present in the dataset.
2024-09-05 18:15:38,327 - INFO - Target column: Machine failure
2024-09-05 18:15:38,335 - INFO - Feature scaling applied using StandardScaler.
2024-09-05 18:15:38,337 - INFO - Data reshaped for CNN-LSTM: (5990, 1, 30)
2024-09-05 18:15:38,339 - INFO - Data split into training and test sets: Training set size: 4792, Test set size: 1198
2024-09-05 18:15:38,342 - INFO - Prepared datasets saved to prepare_cnn_lstm_training_data directory.
2024-09-05 18:15:38,342 - INFO - Data preparation for CNN-LSTM training completed successfully.
2024-09-08 08:11:08,401 - INFO - Starting data preparation for Anomaly Detection training
2024-09-08 08:11:08,602 - INFO - Data loaded from ../../../data/processed/processed_data_with_lags.csv, shape: (8657, 186)
2024-09-08 08:11:08,606 - INFO - No missing values detected.
2024-09-08 08:11:08,607 - INFO - Data types:
UDI                        float64
Product ID                  object
Type                        object
Air temperature [K]        float64
Process temperature [K]    float64
                            ...   
lag_1_lag_5                float64
lag_2_lag_5                float64
lag_3_lag_5                float64
lag_4_lag_5                float64
lag_5_lag_5                float64
Length: 186, dtype: object
2024-09-08 08:11:08,607 - INFO - Selected feature columns: ['Air temperature [K]', 'Process temperature [K]', 'Rotational speed [rpm]', 'Torque [Nm]', 'Tool wear [min]', 'Air temperature [K]_lag_1', 'Air temperature [K]_lag_2', 'Air temperature [K]_lag_3', 'Air temperature [K]_lag_4', 'Air temperature [K]_lag_5', 'Process temperature [K]_lag_1', 'Process temperature [K]_lag_2', 'Process temperature [K]_lag_3', 'Process temperature [K]_lag_4', 'Process temperature [K]_lag_5', 'Rotational speed [rpm]_lag_1', 'Rotational speed [rpm]_lag_2', 'Rotational speed [rpm]_lag_3', 'Rotational speed [rpm]_lag_4', 'Rotational speed [rpm]_lag_5', 'Torque [Nm]_lag_1', 'Torque [Nm]_lag_2', 'Torque [Nm]_lag_3', 'Torque [Nm]_lag_4', 'Torque [Nm]_lag_5', 'Tool wear [min]_lag_1', 'Tool wear [min]_lag_2', 'Tool wear [min]_lag_3', 'Tool wear [min]_lag_4', 'Tool wear [min]_lag_5']
2024-09-08 08:11:08,607 - INFO - All selected features are present in the dataset.
2024-09-08 08:11:08,614 - INFO - Feature scaling applied using MinMaxScaler.
2024-09-08 08:11:08,641 - INFO - PCA applied to reduce dimensions, resulting in {pca.n_components_} principal components.
2024-09-08 08:11:08,653 - INFO - PCA-transformed features added to the dataset.
2024-09-08 08:11:08,656 - INFO - Data split into training and test sets: Training set size: 6925, Test set size: 1732
2024-09-08 08:11:08,958 - INFO - Prepared datasets saved to processed directory.
2024-09-08 08:11:08,958 - INFO - Data preparation for Anomaly Detection training completed successfully.
2024-09-08 08:19:13,421 - INFO - Starting data preparation for CNN-LSTM training
2024-09-08 08:19:13,628 - INFO - Data loaded from ../../../data/processed/processed_data_with_lags.csv, shape: (8657, 186)
2024-09-08 08:19:13,633 - INFO - No missing values detected.
2024-09-08 08:19:13,634 - INFO - Data types:
UDI                        float64
Product ID                  object
Type                        object
Air temperature [K]        float64
Process temperature [K]    float64
                            ...   
lag_1_lag_5                float64
lag_2_lag_5                float64
lag_3_lag_5                float64
lag_4_lag_5                float64
lag_5_lag_5                float64
Length: 186, dtype: object
2024-09-08 08:19:13,634 - INFO - Selected feature columns: ['Air temperature [K]', 'Process temperature [K]', 'Rotational speed [rpm]', 'Torque [Nm]', 'Tool wear [min]', 'Air temperature [K]_lag_1', 'Air temperature [K]_lag_2', 'Air temperature [K]_lag_3', 'Air temperature [K]_lag_4', 'Air temperature [K]_lag_5', 'Process temperature [K]_lag_1', 'Process temperature [K]_lag_2', 'Process temperature [K]_lag_3', 'Process temperature [K]_lag_4', 'Process temperature [K]_lag_5', 'Rotational speed [rpm]_lag_1', 'Rotational speed [rpm]_lag_2', 'Rotational speed [rpm]_lag_3', 'Rotational speed [rpm]_lag_4', 'Rotational speed [rpm]_lag_5', 'Torque [Nm]_lag_1', 'Torque [Nm]_lag_2', 'Torque [Nm]_lag_3', 'Torque [Nm]_lag_4', 'Torque [Nm]_lag_5', 'Tool wear [min]_lag_1', 'Tool wear [min]_lag_2', 'Tool wear [min]_lag_3', 'Tool wear [min]_lag_4', 'Tool wear [min]_lag_5']
2024-09-08 08:19:13,634 - INFO - All selected features are present in the dataset.
2024-09-08 08:19:13,634 - INFO - Target column: Machine failure
2024-09-08 08:19:13,657 - INFO - Feature scaling applied using StandardScaler.
2024-09-08 08:19:13,660 - INFO - Data reshaped for CNN-LSTM: (8657, 1, 30)
2024-09-08 08:19:13,664 - INFO - Data split into training and test sets: Training set size: 6925, Test set size: 1732
2024-09-08 08:19:13,667 - INFO - Prepared datasets saved to prepare_cnn_lstm_training_data directory.
2024-09-08 08:19:13,668 - INFO - Data preparation for CNN-LSTM training completed successfully.
2024-09-08 08:21:42,920 - INFO - Starting data preparation for CNN-LSTM training
2024-09-08 08:21:43,254 - INFO - Data loaded from ../../../data/processed/combined_data.csv, shape: (14647, 186)
2024-09-08 08:21:43,262 - INFO - No missing values detected.
2024-09-08 08:21:43,263 - INFO - Data types:
UDI                        float64
Product ID                  object
Type                        object
Air temperature [K]        float64
Process temperature [K]    float64
                            ...   
lag_1_lag_5                float64
lag_2_lag_5                float64
lag_3_lag_5                float64
lag_4_lag_5                float64
lag_5_lag_5                float64
Length: 186, dtype: object
2024-09-08 08:21:43,263 - INFO - Selected feature columns: ['Air temperature [K]', 'Process temperature [K]', 'Rotational speed [rpm]', 'Torque [Nm]', 'Tool wear [min]', 'Air temperature [K]_lag_1', 'Air temperature [K]_lag_2', 'Air temperature [K]_lag_3', 'Air temperature [K]_lag_4', 'Air temperature [K]_lag_5', 'Process temperature [K]_lag_1', 'Process temperature [K]_lag_2', 'Process temperature [K]_lag_3', 'Process temperature [K]_lag_4', 'Process temperature [K]_lag_5', 'Rotational speed [rpm]_lag_1', 'Rotational speed [rpm]_lag_2', 'Rotational speed [rpm]_lag_3', 'Rotational speed [rpm]_lag_4', 'Rotational speed [rpm]_lag_5', 'Torque [Nm]_lag_1', 'Torque [Nm]_lag_2', 'Torque [Nm]_lag_3', 'Torque [Nm]_lag_4', 'Torque [Nm]_lag_5', 'Tool wear [min]_lag_1', 'Tool wear [min]_lag_2', 'Tool wear [min]_lag_3', 'Tool wear [min]_lag_4', 'Tool wear [min]_lag_5']
2024-09-08 08:21:43,263 - INFO - All selected features are present in the dataset.
2024-09-08 08:21:43,263 - INFO - Target column: Machine failure
2024-09-08 08:21:43,276 - INFO - Feature scaling applied using StandardScaler.
2024-09-08 08:21:43,280 - INFO - Data reshaped for CNN-LSTM: (14647, 1, 30)
2024-09-08 08:21:43,284 - INFO - Data split into training and test sets: Training set size: 11717, Test set size: 2930
2024-09-08 08:21:43,289 - INFO - Prepared datasets saved to prepare_cnn_lstm_training_data directory.
2024-09-08 08:21:43,289 - INFO - Data preparation for CNN-LSTM training completed successfully.
2024-09-08 08:28:57,269 - INFO - Starting data preparation for Anomaly Detection training
2024-09-08 08:28:57,574 - INFO - Data loaded from ../../../data/processed/combined_data.csv, shape: (14647, 186)
2024-09-08 08:28:57,581 - INFO - No missing values detected.
2024-09-08 08:28:57,582 - INFO - Data types:
UDI                        float64
Product ID                  object
Type                        object
Air temperature [K]        float64
Process temperature [K]    float64
                            ...   
lag_1_lag_5                float64
lag_2_lag_5                float64
lag_3_lag_5                float64
lag_4_lag_5                float64
lag_5_lag_5                float64
Length: 186, dtype: object
2024-09-08 08:28:57,582 - INFO - Selected feature columns: ['Air temperature [K]', 'Process temperature [K]', 'Rotational speed [rpm]', 'Torque [Nm]', 'Tool wear [min]', 'Air temperature [K]_lag_1', 'Air temperature [K]_lag_2', 'Air temperature [K]_lag_3', 'Air temperature [K]_lag_4', 'Air temperature [K]_lag_5', 'Process temperature [K]_lag_1', 'Process temperature [K]_lag_2', 'Process temperature [K]_lag_3', 'Process temperature [K]_lag_4', 'Process temperature [K]_lag_5', 'Rotational speed [rpm]_lag_1', 'Rotational speed [rpm]_lag_2', 'Rotational speed [rpm]_lag_3', 'Rotational speed [rpm]_lag_4', 'Rotational speed [rpm]_lag_5', 'Torque [Nm]_lag_1', 'Torque [Nm]_lag_2', 'Torque [Nm]_lag_3', 'Torque [Nm]_lag_4', 'Torque [Nm]_lag_5', 'Tool wear [min]_lag_1', 'Tool wear [min]_lag_2', 'Tool wear [min]_lag_3', 'Tool wear [min]_lag_4', 'Tool wear [min]_lag_5']
2024-09-08 08:28:57,582 - INFO - All selected features are present in the dataset.
2024-09-08 08:28:57,591 - INFO - Feature scaling applied using MinMaxScaler.
2024-09-08 08:28:57,629 - INFO - PCA applied to reduce dimensions, resulting in {pca.n_components_} principal components.
2024-09-08 08:28:57,648 - INFO - PCA-transformed features added to the dataset.
2024-09-08 08:28:57,652 - INFO - Data split into training and test sets: Training set size: 11717, Test set size: 2930
2024-09-08 08:28:58,193 - INFO - Prepared datasets saved to processed directory.
2024-09-08 08:28:58,193 - INFO - Data preparation for Anomaly Detection training completed successfully.
2024-09-08 08:29:50,968 - INFO - Starting data preparation for Anomaly Detection training
2024-09-08 08:29:51,152 - INFO - Data loaded from ../../../data/simulation/simulate_processed_sensor_data_with_lags.csv, shape: (5990, 186)
2024-09-08 08:29:51,155 - INFO - No missing values detected.
2024-09-08 08:29:51,156 - INFO - Data types:
UDI                          int64
Product ID                  object
Type                        object
Air temperature [K]        float64
Process temperature [K]    float64
                            ...   
lag_1_lag_5                float64
lag_2_lag_5                float64
lag_3_lag_5                float64
lag_4_lag_5                float64
lag_5_lag_5                float64
Length: 186, dtype: object
2024-09-08 08:29:51,156 - INFO - Selected feature columns: ['Air temperature [K]', 'Process temperature [K]', 'Rotational speed [rpm]', 'Torque [Nm]', 'Tool wear [min]', 'Air temperature [K]_lag_1', 'Air temperature [K]_lag_2', 'Air temperature [K]_lag_3', 'Air temperature [K]_lag_4', 'Air temperature [K]_lag_5', 'Process temperature [K]_lag_1', 'Process temperature [K]_lag_2', 'Process temperature [K]_lag_3', 'Process temperature [K]_lag_4', 'Process temperature [K]_lag_5', 'Rotational speed [rpm]_lag_1', 'Rotational speed [rpm]_lag_2', 'Rotational speed [rpm]_lag_3', 'Rotational speed [rpm]_lag_4', 'Rotational speed [rpm]_lag_5', 'Torque [Nm]_lag_1', 'Torque [Nm]_lag_2', 'Torque [Nm]_lag_3', 'Torque [Nm]_lag_4', 'Torque [Nm]_lag_5', 'Tool wear [min]_lag_1', 'Tool wear [min]_lag_2', 'Tool wear [min]_lag_3', 'Tool wear [min]_lag_4', 'Tool wear [min]_lag_5']
2024-09-08 08:29:51,156 - INFO - All selected features are present in the dataset.
2024-09-08 08:29:51,162 - INFO - Feature scaling applied using MinMaxScaler.
2024-09-08 08:29:51,184 - INFO - PCA applied to reduce dimensions, resulting in {pca.n_components_} principal components.
2024-09-08 08:29:51,191 - INFO - PCA-transformed features added to the dataset.
2024-09-08 08:29:51,194 - INFO - Data split into training and test sets: Training set size: 4792, Test set size: 1198
2024-09-08 08:29:51,406 - INFO - Prepared datasets saved to processed directory.
2024-09-08 08:29:51,406 - INFO - Data preparation for Anomaly Detection training completed successfully.
2024-09-08 12:08:04,807 - INFO - Starting data preparation for Isolation Forest Anomaly Detection training
2024-09-08 12:08:04,953 - INFO - Data loaded from ../../../data/simulation/simulate_processed_sensor_data_with_lags.csv, shape: (5990, 186)
2024-09-08 12:08:04,956 - INFO - No missing values detected.
2024-09-08 12:08:04,957 - INFO - Data types:
UDI                          int64
Product ID                  object
Type                        object
Air temperature [K]        float64
Process temperature [K]    float64
                            ...   
lag_1_lag_5                float64
lag_2_lag_5                float64
lag_3_lag_5                float64
lag_4_lag_5                float64
lag_5_lag_5                float64
Length: 186, dtype: object
2024-09-08 12:08:04,957 - INFO - Selected feature columns: ['Air temperature [K]', 'Process temperature [K]', 'Rotational speed [rpm]', 'Torque [Nm]', 'Tool wear [min]', 'Air temperature [K]_lag_1', 'Air temperature [K]_lag_2', 'Air temperature [K]_lag_3', 'Air temperature [K]_lag_4', 'Air temperature [K]_lag_5', 'Process temperature [K]_lag_1', 'Process temperature [K]_lag_2', 'Process temperature [K]_lag_3', 'Process temperature [K]_lag_4', 'Process temperature [K]_lag_5', 'Rotational speed [rpm]_lag_1', 'Rotational speed [rpm]_lag_2', 'Rotational speed [rpm]_lag_3', 'Rotational speed [rpm]_lag_4', 'Rotational speed [rpm]_lag_5', 'Torque [Nm]_lag_1', 'Torque [Nm]_lag_2', 'Torque [Nm]_lag_3', 'Torque [Nm]_lag_4', 'Torque [Nm]_lag_5', 'Tool wear [min]_lag_1', 'Tool wear [min]_lag_2', 'Tool wear [min]_lag_3', 'Tool wear [min]_lag_4', 'Tool wear [min]_lag_5']
2024-09-08 12:08:04,959 - INFO - All selected features are present in the dataset.
2024-09-08 12:08:04,969 - INFO - Feature scaling applied using MinMaxScaler.
2024-09-08 12:08:05,010 - INFO - PCA applied to reduce dimensions, resulting in 10 principal components.
2024-09-08 12:08:05,019 - INFO - PCA-transformed features added to the dataset.
2024-09-08 12:08:05,023 - INFO - Data split into training and test sets: Training set size: 4792, Test set size: 1198
2024-09-08 12:08:34,206 - INFO - Starting data preparation for Isolation Forest Anomaly Detection training
2024-09-08 12:08:34,339 - INFO - Data loaded from ../../../data/simulation/simulate_processed_sensor_data_with_lags.csv, shape: (5990, 186)
2024-09-08 12:08:34,343 - INFO - No missing values detected.
2024-09-08 12:08:34,344 - INFO - Data types:
UDI                          int64
Product ID                  object
Type                        object
Air temperature [K]        float64
Process temperature [K]    float64
                            ...   
lag_1_lag_5                float64
lag_2_lag_5                float64
lag_3_lag_5                float64
lag_4_lag_5                float64
lag_5_lag_5                float64
Length: 186, dtype: object
2024-09-08 12:08:34,344 - INFO - Selected feature columns: ['Air temperature [K]', 'Process temperature [K]', 'Rotational speed [rpm]', 'Torque [Nm]', 'Tool wear [min]', 'Air temperature [K]_lag_1', 'Air temperature [K]_lag_2', 'Air temperature [K]_lag_3', 'Air temperature [K]_lag_4', 'Air temperature [K]_lag_5', 'Process temperature [K]_lag_1', 'Process temperature [K]_lag_2', 'Process temperature [K]_lag_3', 'Process temperature [K]_lag_4', 'Process temperature [K]_lag_5', 'Rotational speed [rpm]_lag_1', 'Rotational speed [rpm]_lag_2', 'Rotational speed [rpm]_lag_3', 'Rotational speed [rpm]_lag_4', 'Rotational speed [rpm]_lag_5', 'Torque [Nm]_lag_1', 'Torque [Nm]_lag_2', 'Torque [Nm]_lag_3', 'Torque [Nm]_lag_4', 'Torque [Nm]_lag_5', 'Tool wear [min]_lag_1', 'Tool wear [min]_lag_2', 'Tool wear [min]_lag_3', 'Tool wear [min]_lag_4', 'Tool wear [min]_lag_5']
2024-09-08 12:08:34,344 - INFO - All selected features are present in the dataset.
2024-09-08 12:08:34,350 - INFO - Feature scaling applied using MinMaxScaler.
2024-09-08 12:08:34,373 - INFO - PCA applied to reduce dimensions, resulting in 10 principal components.
2024-09-08 12:08:34,381 - INFO - PCA-transformed features added to the dataset.
2024-09-08 12:08:34,384 - INFO - Data split into training and test sets: Training set size: 4792, Test set size: 1198
2024-09-08 12:08:34,591 - INFO - Prepared datasets saved to processed directory.
2024-09-08 12:08:34,591 - INFO - Data preparation for Isolation Forest Anomaly Detection training completed successfully.
2024-09-08 12:10:49,812 - INFO - Starting data preparation for Isolation Forest Anomaly Detection training
2024-09-08 12:10:50,134 - INFO - Data loaded from ../../../data/processed/combined_data.csv, shape: (14647, 186)
2024-09-08 12:10:50,142 - INFO - No missing values detected.
2024-09-08 12:10:50,143 - INFO - Data types:
UDI                        float64
Product ID                  object
Type                        object
Air temperature [K]        float64
Process temperature [K]    float64
                            ...   
lag_1_lag_5                float64
lag_2_lag_5                float64
lag_3_lag_5                float64
lag_4_lag_5                float64
lag_5_lag_5                float64
Length: 186, dtype: object
2024-09-08 12:10:50,143 - INFO - Selected feature columns: ['Air temperature [K]', 'Process temperature [K]', 'Rotational speed [rpm]', 'Torque [Nm]', 'Tool wear [min]', 'Air temperature [K]_lag_1', 'Air temperature [K]_lag_2', 'Air temperature [K]_lag_3', 'Air temperature [K]_lag_4', 'Air temperature [K]_lag_5', 'Process temperature [K]_lag_1', 'Process temperature [K]_lag_2', 'Process temperature [K]_lag_3', 'Process temperature [K]_lag_4', 'Process temperature [K]_lag_5', 'Rotational speed [rpm]_lag_1', 'Rotational speed [rpm]_lag_2', 'Rotational speed [rpm]_lag_3', 'Rotational speed [rpm]_lag_4', 'Rotational speed [rpm]_lag_5', 'Torque [Nm]_lag_1', 'Torque [Nm]_lag_2', 'Torque [Nm]_lag_3', 'Torque [Nm]_lag_4', 'Torque [Nm]_lag_5', 'Tool wear [min]_lag_1', 'Tool wear [min]_lag_2', 'Tool wear [min]_lag_3', 'Tool wear [min]_lag_4', 'Tool wear [min]_lag_5']
2024-09-08 12:10:50,143 - INFO - All selected features are present in the dataset.
2024-09-08 12:10:50,152 - INFO - Feature scaling applied using MinMaxScaler.
2024-09-08 12:10:50,195 - INFO - PCA applied to reduce dimensions, resulting in 10 principal components.
2024-09-08 12:10:50,212 - INFO - PCA-transformed features added to the dataset.
2024-09-08 12:10:50,219 - INFO - Data split into training and test sets: Training set size: 11717, Test set size: 2930
2024-09-08 12:10:50,762 - INFO - Prepared datasets saved to processed directory.
2024-09-08 12:10:50,762 - INFO - Data preparation for Isolation Forest Anomaly Detection training completed successfully.
2024-09-08 12:12:13,783 - INFO - Starting data preparation for Isolation Forest Anomaly Detection training
2024-09-08 12:12:13,968 - INFO - Data loaded from ../../../data/processed/processed_data_with_lags.csv, shape: (8657, 186)
2024-09-08 12:12:13,972 - INFO - No missing values detected.
2024-09-08 12:12:13,973 - INFO - Data types:
UDI                        float64
Product ID                  object
Type                        object
Air temperature [K]        float64
Process temperature [K]    float64
                            ...   
lag_1_lag_5                float64
lag_2_lag_5                float64
lag_3_lag_5                float64
lag_4_lag_5                float64
lag_5_lag_5                float64
Length: 186, dtype: object
2024-09-08 12:12:13,973 - INFO - Selected feature columns: ['Air temperature [K]', 'Process temperature [K]', 'Rotational speed [rpm]', 'Torque [Nm]', 'Tool wear [min]', 'Air temperature [K]_lag_1', 'Air temperature [K]_lag_2', 'Air temperature [K]_lag_3', 'Air temperature [K]_lag_4', 'Air temperature [K]_lag_5', 'Process temperature [K]_lag_1', 'Process temperature [K]_lag_2', 'Process temperature [K]_lag_3', 'Process temperature [K]_lag_4', 'Process temperature [K]_lag_5', 'Rotational speed [rpm]_lag_1', 'Rotational speed [rpm]_lag_2', 'Rotational speed [rpm]_lag_3', 'Rotational speed [rpm]_lag_4', 'Rotational speed [rpm]_lag_5', 'Torque [Nm]_lag_1', 'Torque [Nm]_lag_2', 'Torque [Nm]_lag_3', 'Torque [Nm]_lag_4', 'Torque [Nm]_lag_5', 'Tool wear [min]_lag_1', 'Tool wear [min]_lag_2', 'Tool wear [min]_lag_3', 'Tool wear [min]_lag_4', 'Tool wear [min]_lag_5']
2024-09-08 12:12:13,973 - INFO - All selected features are present in the dataset.
2024-09-08 12:12:13,982 - INFO - Feature scaling applied using MinMaxScaler.
2024-09-08 12:12:14,009 - INFO - PCA applied to reduce dimensions, resulting in 10 principal components.
2024-09-08 12:12:14,021 - INFO - PCA-transformed features added to the dataset.
2024-09-08 12:12:14,024 - INFO - Data split into training and test sets: Training set size: 6925, Test set size: 1732
2024-09-08 12:12:14,343 - INFO - Prepared datasets saved to processed directory.
2024-09-08 12:12:14,343 - INFO - Data preparation for Isolation Forest Anomaly Detection training completed successfully.
