2024-09-28 15:58:58,583 - INFO - Training fold 1 completed.
2024-09-28 15:59:04,466 - INFO - Test metrics for fold 1: Loss=0.05590857192873955, Accuracy=0.9727227091789246, Precision=0.817717206132879, Recall=0.995850622406639, F1 Score=0.8980355472404116, ROC-AUC=0.9917679607592156
2024-09-28 16:00:59,274 - INFO - Training fold 2 completed.
2024-09-28 16:01:00,258 - INFO - Test metrics for fold 2: Loss=0.05490681901574135, Accuracy=0.9717217087745667, Precision=0.8121827411167513, Recall=0.995850622406639, F1 Score=0.8946877912395154, ROC-AUC=0.9916094365867885
2024-09-28 16:01:31,468 - INFO - Training fold 3 completed.
2024-09-28 16:01:32,495 - INFO - Test metrics for fold 3: Loss=0.054662592709064484, Accuracy=0.9732232093811035, Precision=0.8205128205128205, Recall=0.995850622406639, F1 Score=0.8997188378631678, ROC-AUC=0.9919512820088939
2024-09-28 16:01:55,057 - INFO - Training fold 4 completed.
2024-09-28 16:01:56,074 - INFO - Test metrics for fold 4: Loss=0.05471799895167351, Accuracy=0.9729729890823364, Precision=0.8280701754385965, Recall=0.979253112033195, F1 Score=0.8973384030418251, ROC-AUC=0.9915064106348761
2024-09-28 16:02:18,212 - INFO - Training fold 5 completed.
2024-09-28 16:02:19,163 - INFO - Test metrics for fold 5: Loss=0.05515141785144806, Accuracy=0.9717217087745667, Precision=0.8121827411167513, Recall=0.995850622406639, F1 Score=0.8946877912395154, ROC-AUC=0.9911624987896666
2024-09-28 16:08:47,043 - INFO - Training fold 1 completed.
2024-09-28 16:08:49,235 - INFO - Test metrics for fold 1: Loss=0.05624272674322128, Accuracy=0.9714714884757996, Precision=0.8108108108108109, Recall=0.995850622406639, F1 Score=0.8938547486033519, ROC-AUC=0.9922892897880912
2024-09-28 16:09:13,697 - INFO - Training fold 2 completed.
2024-09-28 16:09:14,703 - INFO - Test metrics for fold 2: Loss=0.05507257953286171, Accuracy=0.9727227091789246, Precision=0.817717206132879, Recall=0.995850622406639, F1 Score=0.8980355472404116, ROC-AUC=0.9917340123796456
2024-09-28 16:09:44,014 - INFO - Training fold 3 completed.
2024-09-28 16:09:45,413 - INFO - Test metrics for fold 3: Loss=0.055034883320331573, Accuracy=0.9722222089767456, Precision=0.8149405772495756, Recall=0.995850622406639, F1 Score=0.896358543417367, ROC-AUC=0.9916802853789348
2024-09-28 16:14:38,089 - INFO - Training fold 4 completed.
2024-09-28 16:14:39,098 - INFO - Test metrics for fold 4: Loss=0.055272024124860764, Accuracy=0.9734734892845154, Precision=0.8252595155709342, Recall=0.9896265560165975, F1 Score=0.9, ROC-AUC=0.9914946025028516
2024-09-28 16:15:01,654 - INFO - Training fold 5 completed.
2024-09-28 16:15:02,649 - INFO - Test metrics for fold 5: Loss=0.054855965077877045, Accuracy=0.9729729890823364, Precision=0.8191126279863481, Recall=0.995850622406639, F1 Score=0.898876404494382, ROC-AUC=0.991124417563888
2024-09-29 14:07:38,502 - INFO - Training fold 1 completed.
2024-09-29 14:07:41,415 - INFO - Test metrics for fold 1: Loss=0.05606959015130997, Accuracy=0.9717217087745667, Precision=0.8121827411167513, Recall=0.995850622406639, F1 Score=0.8946877912395154, ROC-AUC=0.9925667808906639
2024-09-29 14:08:47,058 - INFO - Training fold 2 completed.
2024-09-29 14:08:48,582 - INFO - Test metrics for fold 2: Loss=0.055003196001052856, Accuracy=0.9727227091789246, Precision=0.817717206132879, Recall=0.995850622406639, F1 Score=0.8980355472404116, ROC-AUC=0.99188633728276
2024-09-29 14:09:41,351 - INFO - Training fold 3 completed.
2024-09-29 14:09:42,645 - INFO - Test metrics for fold 3: Loss=0.05509023740887642, Accuracy=0.9727227091789246, Precision=0.817717206132879, Recall=0.995850622406639, F1 Score=0.8980355472404116, ROC-AUC=0.9924132751743472
2024-09-29 14:10:13,872 - INFO - Training fold 4 completed.
2024-09-29 14:10:15,144 - INFO - Test metrics for fold 4: Loss=0.054914865642786026, Accuracy=0.9727227091789246, Precision=0.817717206132879, Recall=0.995850622406639, F1 Score=0.8980355472404116, ROC-AUC=0.9918833852497537
2024-09-29 14:10:41,936 - INFO - Training fold 5 completed.
2024-09-29 14:10:43,226 - INFO - Test metrics for fold 5: Loss=0.0553266666829586, Accuracy=0.9717217087745667, Precision=0.8121827411167513, Recall=0.995850622406639, F1 Score=0.8946877912395154, ROC-AUC=0.9929874455940316
2024-10-06 15:36:41,209 - INFO - Training on Fold 1...
2024-10-06 15:38:58,023 - INFO - Training fold 1 completed.
2024-10-06 15:39:00,234 - INFO - Test metrics for fold 1: Loss=0.08980794996023178, Accuracy=0.9534534811973572, Precision=0.6722925457102672, Recall=0.991701244813278, F1 Score=0.8013411567476949, ROC-AUC=0.9848690596239819
2024-10-06 15:39:00,234 - INFO - Training on Fold 2...
2024-10-06 15:41:20,883 - INFO - Training fold 2 completed.
2024-10-06 15:41:22,723 - INFO - Test metrics for fold 2: Loss=0.0910784974694252, Accuracy=0.9517017006874084, Precision=0.6685314685314685, Recall=0.991701244813278, F1 Score=0.7986633249791144, ROC-AUC=0.9833611611644708
2024-10-06 15:41:22,723 - INFO - Training on Fold 3...
2024-10-06 15:43:56,001 - INFO - Training fold 3 completed.
2024-10-06 15:43:57,782 - INFO - Test metrics for fold 3: Loss=0.09028571099042892, Accuracy=0.9522022008895874, Precision=0.6722925457102672, Recall=0.991701244813278, F1 Score=0.8013411567476949, ROC-AUC=0.9833269175816002
2024-10-06 15:43:57,782 - INFO - Training on Fold 4...
2024-10-06 15:46:17,950 - INFO - Training fold 4 completed.
2024-10-06 15:46:19,443 - INFO - Test metrics for fold 4: Loss=0.08813899755477905, Accuracy=0.9524524807929993, Precision=0.6732394366197183, Recall=0.991701244813278, F1 Score=0.802013422818792, ROC-AUC=0.9831344450296031
2024-10-06 15:46:19,444 - INFO - Training on Fold 5...
2024-10-06 15:48:32,540 - INFO - Training fold 5 completed.
2024-10-06 15:48:34,102 - INFO - Test metrics for fold 5: Loss=0.08934474736452103, Accuracy=0.9534534811973572, Precision=0.6704067321178121, Recall=0.991701244813278, F1 Score=0.8, ROC-AUC=0.9844221218268597
2024-10-06 15:48:34,102 - INFO - K-Fold Cross-Validation Completed!
2024-10-12 14:35:21,835 - INFO - Scaler saved to ../../../models/lstm_model_combined/scaler_nn.pkl
2024-10-12 14:35:21,894 - INFO - Training on Fold 1...
2024-10-12 14:39:22,259 - INFO - Training fold 1 completed.
2024-10-12 14:39:28,745 - INFO - Test metrics for fold 1: Loss=0.09033113718032837, Accuracy=0.9529529809951782, Precision=0.6780141843971631, Recall=0.991701244813278, F1 Score=0.8053917438921652, ROC-AUC=0.9843580627106276
2024-10-12 14:39:28,746 - INFO - Training on Fold 2...
2024-10-12 14:43:32,195 - INFO - Training fold 2 completed.
2024-10-12 14:43:34,793 - INFO - Test metrics for fold 2: Loss=0.0889572948217392, Accuracy=0.9517017006874084, Precision=0.6694677871148459, Recall=0.991701244813278, F1 Score=0.7993311036789298, ROC-AUC=0.9826379130779785
2024-10-12 14:43:34,793 - INFO - Training on Fold 3...
2024-10-12 14:48:47,983 - INFO - Training fold 3 completed.
2024-10-12 14:48:54,266 - INFO - Test metrics for fold 3: Loss=0.08826854079961777, Accuracy=0.9529529809951782, Precision=0.6751412429378532, Recall=0.991701244813278, F1 Score=0.8033613445378152, ROC-AUC=0.9830346663139973
2024-10-12 14:48:54,272 - INFO - Training on Fold 4...
2024-10-12 14:54:15,277 - INFO - Training fold 4 completed.
2024-10-12 14:54:18,685 - INFO - Test metrics for fold 4: Loss=0.08915852755308151, Accuracy=0.9514514803886414, Precision=0.6704067321178121, Recall=0.991701244813278, F1 Score=0.8, ROC-AUC=0.9842954796108985
2024-10-12 14:54:18,685 - INFO - Training on Fold 5...
2024-10-12 14:58:35,642 - INFO - Training fold 5 completed.
2024-10-12 14:58:38,963 - INFO - Test metrics for fold 5: Loss=0.08969437330961227, Accuracy=0.9514514803886414, Precision=0.6704067321178121, Recall=0.991701244813278, F1 Score=0.8, ROC-AUC=0.9826089831545188
2024-10-12 14:58:38,964 - INFO - K-Fold Cross-Validation Completed!
