2024-07-16 08:05:32,027 - INFO - Starting preprocessing pipeline
2024-07-16 08:05:32,027 - INFO - Loading data from file: ../data/raw/sensor_data.csv
2024-07-16 08:05:32,040 - INFO - Filling missing values
2024-07-16 08:05:32,042 - INFO - Performing feature engineering
2024-07-16 08:05:32,043 - INFO - Scaling features: ['Air temperature [K]', 'Process temperature [K]', 'Rotational speed [rpm]', 'Torque [Nm]', 'Tool wear [min]']
2024-07-16 08:05:32,046 - INFO - Adding lag features
2024-07-16 08:05:32,709 - INFO - Processed data shape: (9990, 66)
2024-07-16 08:09:34,544 - INFO - Starting preprocessing pipeline
2024-07-16 08:09:34,544 - INFO - Loading data from file: ../data/raw/sensor_data.csv
2024-07-16 08:09:34,558 - INFO - Filling missing values
2024-07-16 08:09:34,560 - INFO - Performing feature engineering
2024-07-16 08:09:34,561 - INFO - Scaling features: ['Air temperature [K]', 'Process temperature [K]', 'Rotational speed [rpm]', 'Torque [Nm]', 'Tool wear [min]']
2024-07-16 08:09:34,564 - INFO - Adding lag features
2024-07-16 08:09:35,246 - INFO - Processed data saved to: ../data/processed/processed_data_with_lags.csv
2024-07-16 08:09:35,246 - INFO - Processed data shape: (9990, 66)
2024-07-16 10:45:16,716 - INFO - Starting preprocessing pipeline
2024-07-16 10:45:16,716 - INFO - Loading data from file: ../data/raw/sensor_data.csv
2024-07-16 10:45:16,729 - INFO - Filling missing values
2024-07-16 10:45:16,731 - INFO - Performing feature engineering
2024-07-16 10:45:16,732 - INFO - Scaling features: ['Air temperature [K]', 'Process temperature [K]', 'Rotational speed [rpm]', 'Torque [Nm]', 'Tool wear [min]']
2024-07-16 10:45:16,735 - INFO - Adding lag features
2024-07-16 10:45:17,407 - INFO - Processed data saved to: ../data/processed/processed_data_with_lags.csv
2024-07-16 10:45:17,407 - INFO - Processed data shape: (9990, 66)
2024-07-16 10:45:31,519 - INFO - Starting data normalization analysis pipeline
2024-07-16 10:45:31,519 - INFO - Loading data from file: ../data/raw/sensor_data.csv
2024-07-16 10:45:31,531 - INFO - Starting to plot histograms and box plots for features
2024-07-16 10:45:41,668 - INFO - Completed plotting histograms and box plots for features
2024-07-16 10:45:41,669 - INFO - Starting normality tests for features
2024-07-16 10:45:41,670 - INFO - Shapiro-Wilk Test for Air temperature [K]: Statistics=0.9807525857989395, p-value=1.3018247550749997e-34
2024-07-16 10:45:41,670 - INFO - Air temperature [K] does not look normally distributed (reject H0)
2024-07-16 10:45:41,672 - INFO - Shapiro-Wilk Test for Process temperature [K]: Statistics=0.9923659899246726, p-value=1.0302280400877448e-22
2024-07-16 10:45:41,672 - INFO - Process temperature [K] does not look normally distributed (reject H0)
2024-07-16 10:45:41,673 - INFO - Shapiro-Wilk Test for Rotational speed [rpm]: Statistics=0.8645222493262865, p-value=2.104045834886315e-68
2024-07-16 10:45:41,673 - INFO - Rotational speed [rpm] does not look normally distributed (reject H0)
2024-07-16 10:45:41,674 - INFO - Shapiro-Wilk Test for Torque [Nm]: Statistics=0.9997754203855685, p-value=0.3824464643851797
2024-07-16 10:45:41,675 - INFO - Torque [Nm] looks normally distributed (fail to reject H0)
2024-07-16 10:45:41,676 - INFO - Shapiro-Wilk Test for Tool wear [min]: Statistics=0.959915482870911, p-value=6.23754705757034e-46
2024-07-16 10:45:41,676 - INFO - Tool wear [min] does not look normally distributed (reject H0)
2024-07-16 10:45:41,676 - INFO - Applying Standardization (Z-score normalization)
2024-07-16 10:45:41,684 - INFO - Applying Min-Max Scaling
2024-07-16 10:45:41,693 - INFO - Applying Robust Scaling
2024-07-16 10:45:41,700 - INFO - Applying Log Transformation
2024-07-16 10:45:41,702 - INFO - Saving processed data to ../data/processed/
2024-07-16 10:45:41,998 - INFO - Data normalization and transformation complete. Check the "processed" folder for output files.
2024-07-16 11:00:47,327 - INFO - Starting preprocessing pipeline
2024-07-16 11:00:47,327 - INFO - Loading data from file: ../data/raw/sensor_data.csv
2024-07-16 11:00:47,339 - INFO - Filling missing values
2024-07-16 11:00:47,342 - INFO - Performing feature engineering
2024-07-16 11:00:47,343 - INFO - Applying log transformation to handle skewness
2024-07-16 11:00:47,345 - INFO - Removing outliers
2024-07-16 11:00:47,354 - INFO - Scaling features using method: standard
2024-07-16 11:00:47,357 - INFO - Adding lag features
2024-07-16 11:00:48,027 - INFO - Processed data saved to: ../data/processed/processed_data_with_lags.csv
2024-07-16 11:00:48,027 - INFO - Processed data shape: (9081, 71)
2024-07-16 11:17:06,518 - INFO - Starting preprocessing pipeline
2024-07-16 11:17:06,518 - INFO - Loading data from file: ../data/raw/sensor_data.csv
2024-07-16 11:17:06,530 - INFO - Filling missing values
2024-07-16 11:17:06,532 - INFO - Performing feature engineering
2024-07-16 11:17:06,533 - INFO - Applying log transformation to handle skewness
2024-07-16 11:17:06,535 - INFO - Removing outliers
2024-07-16 11:17:06,544 - INFO - Scaling features using method: standard
2024-07-16 11:17:06,547 - INFO - Adding lag features
2024-07-16 11:17:07,226 - INFO - Processed data saved to: ../data/processed/processed_data_with_lags.csv
2024-07-16 11:17:07,226 - INFO - Processed data shape: (9081, 71)
2024-07-16 11:21:21,720 - INFO - Starting preprocessing pipeline
2024-07-16 11:21:21,720 - INFO - Loading data from file: ../data/raw/sensor_data.csv
2024-07-16 11:21:21,735 - INFO - Filling missing values
2024-07-16 11:21:21,738 - INFO - Performing feature engineering
2024-07-16 11:21:21,739 - INFO - Applying log transformation to handle skewness
2024-07-16 11:21:21,742 - INFO - Removing outliers
2024-07-16 11:21:21,752 - INFO - Scaling features using method: standard
2024-07-16 11:21:21,755 - INFO - Adding lag features
2024-07-16 11:21:22,451 - INFO - Processed data saved to: ../data/processed/processed_data_with_lags.csv
2024-07-16 11:21:22,451 - INFO - Processed data shape: (9081, 71)
2024-07-16 11:39:16,124 - INFO - Starting preprocessing pipeline
2024-07-16 11:39:16,124 - INFO - Loading data from file: ../data/raw/sensor_data.csv
2024-07-16 11:39:16,137 - INFO - Filling missing values
2024-07-16 11:39:16,139 - INFO - Performing feature engineering
2024-07-16 11:39:16,140 - INFO - Applying log transformation to handle skewness
2024-07-16 11:39:16,142 - INFO - Removing outliers
2024-07-16 11:39:16,151 - INFO - Scaling features using method: standard
2024-07-16 11:39:16,156 - INFO - Adding lag features
2024-07-16 11:39:18,197 - INFO - Processed data saved to: ../data/processed/processed_data_with_lags.csv
2024-07-16 11:39:18,197 - INFO - Processed data shape: (9979, 286)
2024-07-16 12:13:48,928 - INFO - Starting preprocessing pipeline
2024-07-16 12:13:48,928 - INFO - Loading data from file: ../data/raw/sensor_data.csv
2024-07-16 12:13:48,940 - INFO - Filling missing values
2024-07-16 12:13:48,942 - INFO - Performing feature engineering
2024-07-16 12:13:48,944 - INFO - Applying log transformation to handle skewness
2024-07-16 12:13:48,945 - INFO - Removing outliers
2024-07-16 12:13:48,954 - INFO - Scaling features using method: standard
2024-07-16 12:13:48,959 - INFO - Adding lag features
2024-07-16 12:13:50,954 - INFO - Processed data saved to: ../data/processed/processed_data_with_lags.csv
2024-07-16 12:13:50,955 - INFO - Processed data shape: (9979, 286)
2024-07-16 12:30:45,020 - INFO - Starting preprocessing pipeline
2024-07-16 12:30:45,020 - INFO - Loading data from file: ../data/raw/sensor_data.csv
2024-07-16 12:30:45,035 - INFO - Filling missing values
2024-07-16 12:30:45,036 - INFO - Performing feature engineering
2024-07-16 12:30:45,038 - INFO - Applying log transformation to handle skewness
2024-07-16 12:30:45,039 - INFO - Removing outliers
2024-07-16 12:30:45,049 - INFO - Scaling features using method: standard
2024-07-16 12:30:45,064 - INFO - Adding lag features
2024-07-16 12:30:45,126 - INFO - Normalizing data using method: minmax
2024-07-16 12:30:47,116 - INFO - Processed data saved to: ../data/processed/processed_data_with_lags.csv
2024-07-16 12:30:47,116 - INFO - Processed data shape: (9979, 286)
2024-07-16 12:31:30,375 - INFO - Starting data normalization analysis pipeline
2024-07-16 12:31:30,376 - INFO - Loading data from file: ../data/raw/sensor_data.csv
2024-07-16 12:31:30,390 - INFO - Starting to plot histograms and box plots for features
2024-07-16 12:31:41,617 - INFO - Completed plotting histograms and box plots for features
2024-07-16 12:31:41,617 - INFO - Starting normality tests for features
2024-07-16 12:31:41,619 - INFO - Shapiro-Wilk Test for Air temperature [K]: Statistics=0.9807525857989395, p-value=1.3018247550749997e-34
2024-07-16 12:31:41,619 - INFO - Air temperature [K] does not look normally distributed (reject H0)
2024-07-16 12:31:41,619 - INFO - Shapiro-Wilk Test for Process temperature [K]: Statistics=0.9923659899246726, p-value=1.0302280400877448e-22
2024-07-16 12:31:41,619 - INFO - Process temperature [K] does not look normally distributed (reject H0)
2024-07-16 12:31:41,621 - INFO - Shapiro-Wilk Test for Rotational speed [rpm]: Statistics=0.8645222493262865, p-value=2.104045834886315e-68
2024-07-16 12:31:41,621 - INFO - Rotational speed [rpm] does not look normally distributed (reject H0)
2024-07-16 12:31:41,623 - INFO - Shapiro-Wilk Test for Torque [Nm]: Statistics=0.9997754203855685, p-value=0.3824464643851797
2024-07-16 12:31:41,624 - INFO - Torque [Nm] looks normally distributed (fail to reject H0)
2024-07-16 12:31:41,625 - INFO - Shapiro-Wilk Test for Tool wear [min]: Statistics=0.959915482870911, p-value=6.23754705757034e-46
2024-07-16 12:31:41,625 - INFO - Tool wear [min] does not look normally distributed (reject H0)
2024-07-16 12:31:41,625 - INFO - Applying Standardization (Z-score normalization)
2024-07-16 12:31:41,637 - INFO - Applying Min-Max Scaling
2024-07-16 12:31:41,641 - INFO - Applying Robust Scaling
2024-07-16 12:31:41,648 - INFO - Applying Log Transformation
2024-07-16 12:31:41,650 - INFO - Saving processed data to ../data/processed/
2024-07-16 12:31:41,929 - INFO - Data normalization and transformation complete. Check the "processed" folder for output files.
2024-07-16 14:08:02,761 - INFO - Loading data from ../data/processed/processed_data_with_lags.csv
2024-07-16 14:08:03,074 - INFO - Loading data from ../data/simulation/simulated_data.csv
2024-07-16 14:24:37,832 - INFO - Loading data from ../data/processed/processed_data_with_lags.csv
2024-07-16 14:24:38,208 - INFO - Loading data from ../data/simulation/simulated_data.csv
2024-07-16 14:29:39,400 - INFO - Simulated data saved to data/simulation/simulated_data.csv
2024-07-16 14:31:30,203 - INFO - Simulated data saved to predictive_maintenance/data/simulation/simulated_data.csv
2024-07-16 14:35:24,370 - INFO - Generated DataFrame head:
   UDI  Product ID Type  Air temperature [K]  ...  HDF  PWF  OSF  RNF
0    1          45    L           309.648898  ...    0    1    1    0
1    2          48    M           298.008971  ...    0    0    0    0
2    3          65    M           303.317428  ...    1    0    0    0
3    4          68    H           298.017591  ...    0    0    0    0
4    5          68    L           305.363893  ...    0    0    1    0

[5 rows x 14 columns]
2024-07-16 14:35:24,370 - INFO - Generated DataFrame shape: (1000, 14)
2024-07-16 14:35:24,380 - INFO - Simulated data saved to data/simulation/simulated_data.csv
2024-07-16 14:38:39,363 - INFO - Generated DataFrame head:
   UDI  Product ID Type  Air temperature [K]  ...  HDF  PWF  OSF  RNF
0    1          45    L           309.648898  ...    0    1    1    0
1    2          48    M           298.008971  ...    0    0    0    0
2    3          65    M           303.317428  ...    1    0    0    0
3    4          68    H           298.017591  ...    0    0    0    0
4    5          68    L           305.363893  ...    0    0    1    0

[5 rows x 14 columns]
2024-07-16 14:38:39,364 - INFO - Generated DataFrame shape: (1000, 14)
2024-07-16 14:38:39,374 - INFO - Simulated data saved to data/simulation/simulated_data.csv
2024-07-16 14:38:52,588 - INFO - Generated DataFrame head:
   UDI  Product ID Type  Air temperature [K]  ...  HDF  PWF  OSF  RNF
0    1          45    L           309.648898  ...    0    1    1    0
1    2          48    M           298.008971  ...    0    0    0    0
2    3          65    M           303.317428  ...    1    0    0    0
3    4          68    H           298.017591  ...    0    0    0    0
4    5          68    L           305.363893  ...    0    0    1    0

[5 rows x 14 columns]
2024-07-16 14:38:52,588 - INFO - Generated DataFrame shape: (1000, 14)
2024-07-16 14:38:52,598 - INFO - Simulated data saved to data/simulation/simulated_data.csv
2024-07-16 14:41:42,394 - INFO - Generated DataFrame head:
   UDI  Product ID Type  Air temperature [K]  ...  HDF  PWF  OSF  RNF
0    1          45    L           309.648898  ...    0    1    1    0
1    2          48    M           298.008971  ...    0    0    0    0
2    3          65    M           303.317428  ...    1    0    0    0
3    4          68    H           298.017591  ...    0    0    0    0
4    5          68    L           305.363893  ...    0    0    1    0

[5 rows x 14 columns]
2024-07-16 14:41:42,394 - INFO - Generated DataFrame shape: (1000, 14)
2024-07-16 14:41:42,404 - INFO - Simulated data saved to ../data/simulation/simulated_data.csv
2024-07-16 14:42:25,662 - INFO - Loading data from ../data/processed/processed_data_with_lags.csv
2024-07-16 14:42:25,979 - INFO - Loading data from ../data/simulation/simulated_data.csv
2024-07-16 14:42:28,086 - INFO - Combined data saved to ../data/processed/combined_data.csv
2024-07-16 14:44:08,382 - INFO - Loading data from ../data/processed/processed_data_with_lags.csv
2024-07-16 14:44:08,696 - INFO - Loading data from ../data/simulation/simulated_data.csv
2024-07-16 14:44:10,679 - INFO - Combined data saved to ../data/processed/combined_data.csv
2024-07-16 15:02:12,615 - INFO - Loading data from ../data/processed/processed_data_with_lags.csv
2024-07-16 15:02:12,922 - INFO - Loading data from ../data/simulation/simulated_data.csv
2024-07-16 15:02:14,860 - INFO - Combined data saved to ../data/processed/combined_data.csv
2024-07-16 15:02:14,861 - INFO - Configuration loaded successfully from ../config/database_config.yaml
2024-07-16 15:02:27,493 - INFO - Data saved to database successfully
2024-07-16 15:13:50,359 - INFO - Simulated data saved to data/simulation/simulated_data.csv
2024-07-16 15:14:21,973 - INFO - Simulated data saved to ../data/simulation/simulated_data.csv
2024-07-16 15:14:56,122 - INFO - Simulated data saved to ../data/simulation/simulated_data.csv
2024-07-16 15:15:42,102 - INFO - Loading data from ../data/processed/processed_data_with_lags.csv
2024-07-16 15:15:42,437 - INFO - Loading data from ../data/simulation/simulated_data.csv
2024-07-16 15:15:44,670 - INFO - Combined data saved to ../data/processed/combined_data.csv
2024-07-16 15:15:44,670 - INFO - Configuration loaded successfully from ../config/database_config.yaml
2024-07-16 15:15:59,047 - INFO - Data saved to database successfully
2024-07-16 15:20:54,214 - INFO - Loading data from ../data/processed/processed_data_with_lags.csv
2024-07-16 15:20:54,517 - INFO - Loading data from ../data/simulation/simulated_data.csv
2024-07-16 15:20:56,679 - INFO - Combined data saved to ../data/processed/combined_data.csv
2024-07-16 15:20:56,679 - INFO - Configuration loaded successfully from ../config/database_config.yaml
2024-07-16 15:21:10,414 - INFO - Data saved to database table combined_data successfully
2024-07-16 15:23:34,673 - INFO - Loading data from ../data/processed/processed_data_with_lags.csv
2024-07-16 15:23:34,992 - INFO - Loading data from ../data/simulation/simulated_data.csv
2024-07-16 15:23:37,315 - INFO - Combined data saved to ../data/processed/combined_data.csv
2024-07-16 15:23:37,315 - INFO - Configuration loaded successfully from ../config/database_config.yaml
2024-07-16 15:23:51,180 - INFO - Data saved to database table combined_data successfully
