2024-09-02 17:52:49,770 - INFO - Starting the LSTM training process with simulated data
2024-09-02 17:52:49,770 - INFO - Loading simulated data from file: ../../data/simulation/simulate_processed_sensor_data_with_lags.csv
2024-09-02 17:52:49,901 - INFO - Preparing data for LSTM model training
2024-09-02 17:52:49,911 - INFO - Data preparation complete: training and validation sets created
2024-09-02 17:52:49,912 - INFO - Building the LSTM model
2024-09-02 17:52:50,018 - INFO - LSTM model built successfully
2024-09-02 17:52:50,019 - INFO - Starting model training
2024-09-02 17:53:07,096 - WARNING - You are saving your model as an HDF5 file via `model.save()` or `keras.saving.save_model(model)`. This file format is considered legacy. We recommend using instead the native Keras format, e.g. `model.save('my_model.keras')` or `keras.saving.save_model(model, 'my_model.keras')`. 
2024-09-02 17:53:07,159 - INFO - Model training complete. Model saved at: ../../models/lstm_simulated_data_model.h5
2024-09-02 17:53:07,159 - INFO - LSTM training process completed successfully
2024-09-02 18:06:25,967 - INFO - Processing simulated data: ../../data/simulation/simulate_processed_sensor_data_with_lags.csv
2024-09-02 18:06:26,132 - INFO - Training on fold 1/5 for simulated...
2024-09-02 18:06:26,248 - INFO - LSTM model created successfully with 64 units, dropout rate 0.3, and learning rate 0.0005
2024-09-02 18:06:42,270 - INFO - LSTM model and history saved for fold 1 of simulated
2024-09-02 18:06:42,270 - INFO - Training on fold 2/5 for simulated...
2024-09-02 18:06:42,310 - INFO - LSTM model created successfully with 64 units, dropout rate 0.3, and learning rate 0.0005
2024-09-02 18:06:58,320 - INFO - LSTM model and history saved for fold 2 of simulated
2024-09-02 18:06:58,320 - INFO - Training on fold 3/5 for simulated...
2024-09-02 18:06:58,364 - INFO - LSTM model created successfully with 64 units, dropout rate 0.3, and learning rate 0.0005
2024-09-02 18:07:14,833 - INFO - LSTM model and history saved for fold 3 of simulated
2024-09-02 18:07:14,833 - INFO - Training on fold 4/5 for simulated...
2024-09-02 18:07:14,870 - INFO - LSTM model created successfully with 64 units, dropout rate 0.3, and learning rate 0.0005
2024-09-02 18:07:31,351 - INFO - LSTM model and history saved for fold 4 of simulated
2024-09-02 18:07:31,351 - INFO - Training on fold 5/5 for simulated...
2024-09-02 18:07:31,393 - INFO - LSTM model created successfully with 64 units, dropout rate 0.3, and learning rate 0.0005
2024-09-02 18:07:47,712 - INFO - LSTM model and history saved for fold 5 of simulated
2024-09-02 18:07:47,712 - INFO - Average AUC across folds for simulated: 0.5495693325996399
2024-09-02 18:07:47,712 - INFO - Low AUC detected or high variance between folds for simulated, adjusting hyperparameters...
2024-09-02 18:07:47,714 - INFO - New parameters for simulated - Learning Rate: 0.00025, LSTM Units: 96, Dropout Rate: 0.4
2024-09-02 18:07:47,715 - INFO - Training on fold 1/5 for simulated...
2024-09-02 18:07:47,757 - INFO - LSTM model created successfully with 96 units, dropout rate 0.4, and learning rate 0.00025
2024-09-02 18:08:07,773 - INFO - LSTM model and history saved for fold 1 of simulated
2024-09-02 18:08:07,773 - INFO - Training on fold 2/5 for simulated...
2024-09-02 18:08:07,814 - INFO - LSTM model created successfully with 96 units, dropout rate 0.4, and learning rate 0.00025
2024-09-02 18:08:27,365 - INFO - LSTM model and history saved for fold 2 of simulated
2024-09-02 18:08:27,365 - INFO - Training on fold 3/5 for simulated...
2024-09-02 18:08:27,408 - INFO - LSTM model created successfully with 96 units, dropout rate 0.4, and learning rate 0.00025
2024-09-02 18:08:47,283 - INFO - LSTM model and history saved for fold 3 of simulated
2024-09-02 18:08:47,284 - INFO - Training on fold 4/5 for simulated...
2024-09-02 18:08:47,331 - INFO - LSTM model created successfully with 96 units, dropout rate 0.4, and learning rate 0.00025
2024-09-02 18:09:07,162 - INFO - LSTM model and history saved for fold 4 of simulated
2024-09-02 18:09:07,162 - INFO - Training on fold 5/5 for simulated...
2024-09-02 18:09:07,206 - INFO - LSTM model created successfully with 96 units, dropout rate 0.4, and learning rate 0.00025
2024-09-02 18:09:27,044 - INFO - LSTM model and history saved for fold 5 of simulated
2024-09-02 18:09:27,044 - INFO - Average AUC across folds for simulated: 0.5444018959999084
2024-09-02 18:09:27,044 - INFO - Low AUC detected or high variance between folds for simulated, adjusting hyperparameters...
2024-09-02 18:09:27,044 - INFO - New parameters for simulated - Learning Rate: 0.000125, LSTM Units: 128, Dropout Rate: 0.5
2024-09-02 18:09:27,045 - INFO - Training on fold 1/5 for simulated...
2024-09-02 18:09:27,096 - INFO - LSTM model created successfully with 128 units, dropout rate 0.5, and learning rate 0.000125
2024-09-02 18:09:51,273 - INFO - LSTM model and history saved for fold 1 of simulated
2024-09-02 18:09:51,273 - INFO - Training on fold 2/5 for simulated...
2024-09-02 18:09:51,321 - INFO - LSTM model created successfully with 128 units, dropout rate 0.5, and learning rate 0.000125
2024-09-02 18:10:16,223 - INFO - LSTM model and history saved for fold 2 of simulated
2024-09-02 18:10:16,223 - INFO - Training on fold 3/5 for simulated...
2024-09-02 18:10:16,272 - INFO - LSTM model created successfully with 128 units, dropout rate 0.5, and learning rate 0.000125
2024-09-02 18:10:41,203 - INFO - LSTM model and history saved for fold 3 of simulated
2024-09-02 18:10:41,203 - INFO - Training on fold 4/5 for simulated...
2024-09-02 18:10:41,249 - INFO - LSTM model created successfully with 128 units, dropout rate 0.5, and learning rate 0.000125
2024-09-02 18:11:06,065 - INFO - LSTM model and history saved for fold 4 of simulated
2024-09-02 18:11:06,065 - INFO - Training on fold 5/5 for simulated...
2024-09-02 18:11:06,113 - INFO - LSTM model created successfully with 128 units, dropout rate 0.5, and learning rate 0.000125
2024-09-02 18:11:30,864 - INFO - LSTM model and history saved for fold 5 of simulated
2024-09-02 18:11:30,864 - INFO - Average AUC across folds for simulated: 0.5309736013412476
2024-09-02 18:11:30,864 - INFO - Low AUC detected or high variance between folds for simulated, adjusting hyperparameters...
2024-09-02 18:11:30,864 - INFO - New parameters for simulated - Learning Rate: 6.25e-05, LSTM Units: 160, Dropout Rate: 0.6
2024-09-02 18:11:30,866 - INFO - Training on fold 1/5 for simulated...
2024-09-02 18:11:30,922 - INFO - LSTM model created successfully with 160 units, dropout rate 0.6, and learning rate 6.25e-05
2024-09-02 18:12:01,074 - INFO - LSTM model and history saved for fold 1 of simulated
2024-09-02 18:12:01,074 - INFO - Training on fold 2/5 for simulated...
2024-09-02 18:12:01,129 - INFO - LSTM model created successfully with 160 units, dropout rate 0.6, and learning rate 6.25e-05
2024-09-02 18:12:30,467 - INFO - LSTM model and history saved for fold 2 of simulated
2024-09-02 18:12:30,467 - INFO - Training on fold 3/5 for simulated...
2024-09-02 18:12:30,517 - INFO - LSTM model created successfully with 160 units, dropout rate 0.6, and learning rate 6.25e-05
2024-09-02 18:12:59,827 - INFO - LSTM model and history saved for fold 3 of simulated
2024-09-02 18:12:59,827 - INFO - Training on fold 4/5 for simulated...
2024-09-02 18:12:59,880 - INFO - LSTM model created successfully with 160 units, dropout rate 0.6, and learning rate 6.25e-05
2024-09-02 18:13:29,629 - INFO - LSTM model and history saved for fold 4 of simulated
2024-09-02 18:13:29,630 - INFO - Training on fold 5/5 for simulated...
2024-09-02 18:13:29,684 - INFO - LSTM model created successfully with 160 units, dropout rate 0.6, and learning rate 6.25e-05
2024-09-02 18:13:58,427 - INFO - LSTM model and history saved for fold 5 of simulated
2024-09-02 18:13:58,427 - INFO - Average AUC across folds for simulated: 0.5063610970973969
2024-09-02 18:13:58,427 - INFO - Low AUC detected or high variance between folds for simulated, adjusting hyperparameters...
2024-09-02 18:13:58,427 - INFO - New parameters for simulated - Learning Rate: 3.125e-05, LSTM Units: 192, Dropout Rate: 0.7
2024-09-02 18:13:58,429 - INFO - Training on fold 1/5 for simulated...
2024-09-02 18:13:58,495 - INFO - LSTM model created successfully with 192 units, dropout rate 0.7, and learning rate 3.125e-05
2024-09-02 18:14:32,630 - INFO - LSTM model and history saved for fold 1 of simulated
2024-09-02 18:14:32,630 - INFO - Training on fold 2/5 for simulated...
2024-09-02 18:14:32,691 - INFO - LSTM model created successfully with 192 units, dropout rate 0.7, and learning rate 3.125e-05
2024-09-02 18:15:05,872 - INFO - LSTM model and history saved for fold 2 of simulated
2024-09-02 18:15:05,873 - INFO - Training on fold 3/5 for simulated...
2024-09-02 18:15:05,936 - INFO - LSTM model created successfully with 192 units, dropout rate 0.7, and learning rate 3.125e-05
2024-09-02 18:15:39,099 - INFO - LSTM model and history saved for fold 3 of simulated
2024-09-02 18:15:39,100 - INFO - Training on fold 4/5 for simulated...
2024-09-02 18:15:39,159 - INFO - LSTM model created successfully with 192 units, dropout rate 0.7, and learning rate 3.125e-05
2024-09-02 18:16:12,255 - INFO - LSTM model and history saved for fold 4 of simulated
2024-09-02 18:16:12,256 - INFO - Training on fold 5/5 for simulated...
2024-09-02 18:16:12,315 - INFO - LSTM model created successfully with 192 units, dropout rate 0.7, and learning rate 3.125e-05
2024-09-02 18:16:46,235 - INFO - LSTM model and history saved for fold 5 of simulated
2024-09-02 18:16:46,237 - INFO - Average AUC across folds for simulated: 0.5096869766712189
2024-09-02 18:16:46,237 - INFO - Low AUC detected or high variance between folds for simulated, adjusting hyperparameters...
2024-09-02 18:16:46,237 - INFO - New parameters for simulated - Learning Rate: 1.5625e-05, LSTM Units: 224, Dropout Rate: 0.7999999999999999
2024-09-02 18:16:46,238 - INFO - Training on fold 1/5 for simulated...
2024-09-02 18:16:46,319 - INFO - LSTM model created successfully with 224 units, dropout rate 0.7999999999999999, and learning rate 1.5625e-05
2024-09-02 18:17:25,523 - INFO - LSTM model and history saved for fold 1 of simulated
2024-09-02 18:17:25,523 - INFO - Training on fold 2/5 for simulated...
2024-09-02 18:17:25,591 - INFO - LSTM model created successfully with 224 units, dropout rate 0.7999999999999999, and learning rate 1.5625e-05
2024-09-02 18:18:07,080 - INFO - LSTM model and history saved for fold 2 of simulated
2024-09-02 18:18:07,082 - INFO - Training on fold 3/5 for simulated...
2024-09-02 18:18:07,163 - INFO - LSTM model created successfully with 224 units, dropout rate 0.7999999999999999, and learning rate 1.5625e-05
2024-09-02 18:18:48,779 - INFO - LSTM model and history saved for fold 3 of simulated
2024-09-02 18:18:48,779 - INFO - Training on fold 4/5 for simulated...
2024-09-02 18:18:48,853 - INFO - LSTM model created successfully with 224 units, dropout rate 0.7999999999999999, and learning rate 1.5625e-05
2024-09-02 18:19:30,737 - INFO - LSTM model and history saved for fold 4 of simulated
2024-09-02 18:19:30,737 - INFO - Training on fold 5/5 for simulated...
2024-09-02 18:19:30,807 - INFO - LSTM model created successfully with 224 units, dropout rate 0.7999999999999999, and learning rate 1.5625e-05
2024-09-02 18:20:09,879 - INFO - LSTM model and history saved for fold 5 of simulated
2024-09-02 18:20:09,880 - INFO - Average AUC across folds for simulated: 0.5253669321537018
2024-09-02 18:20:09,880 - INFO - Low AUC detected or high variance between folds for simulated, adjusting hyperparameters...
2024-09-02 18:20:09,880 - INFO - New parameters for simulated - Learning Rate: 7.8125e-06, LSTM Units: 256, Dropout Rate: 0.8999999999999999
2024-09-02 18:20:09,881 - INFO - Training on fold 1/5 for simulated...
2024-09-02 18:20:09,971 - INFO - LSTM model created successfully with 256 units, dropout rate 0.8999999999999999, and learning rate 7.8125e-06
2024-09-02 18:20:58,333 - INFO - LSTM model and history saved for fold 1 of simulated
2024-09-02 18:20:58,333 - INFO - Training on fold 2/5 for simulated...
2024-09-02 18:20:58,416 - INFO - LSTM model created successfully with 256 units, dropout rate 0.8999999999999999, and learning rate 7.8125e-06
2024-09-02 18:21:49,201 - INFO - LSTM model and history saved for fold 2 of simulated
2024-09-02 18:21:49,201 - INFO - Training on fold 3/5 for simulated...
2024-09-02 18:21:49,292 - INFO - LSTM model created successfully with 256 units, dropout rate 0.8999999999999999, and learning rate 7.8125e-06
2024-09-02 18:24:46,979 - INFO - Processing simulated data: ../../data/simulation/simulate_processed_sensor_data_with_lags.csv
2024-09-02 18:24:47,208 - INFO - Training on fold 1/5 for simulated...
2024-09-02 18:24:47,300 - INFO - LSTM model created successfully with 64 units, dropout rate 0.3, and learning rate 0.001
2024-09-02 18:25:04,542 - INFO - LSTM model and history saved for fold 1 of simulated
2024-09-02 18:25:04,542 - INFO - Training on fold 2/5 for simulated...
2024-09-02 18:25:04,583 - INFO - LSTM model created successfully with 64 units, dropout rate 0.3, and learning rate 0.001
2024-09-02 18:25:21,918 - INFO - LSTM model and history saved for fold 2 of simulated
2024-09-02 18:25:21,918 - INFO - Training on fold 3/5 for simulated...
2024-09-02 18:25:21,963 - INFO - LSTM model created successfully with 64 units, dropout rate 0.3, and learning rate 0.001
2024-09-02 18:25:40,104 - INFO - LSTM model and history saved for fold 3 of simulated
2024-09-02 18:25:40,105 - INFO - Training on fold 4/5 for simulated...
2024-09-02 18:25:40,150 - INFO - LSTM model created successfully with 64 units, dropout rate 0.3, and learning rate 0.001
2024-09-02 18:26:00,491 - INFO - LSTM model and history saved for fold 4 of simulated
2024-09-02 18:26:00,491 - INFO - Training on fold 5/5 for simulated...
2024-09-02 18:26:00,560 - INFO - LSTM model created successfully with 64 units, dropout rate 0.3, and learning rate 0.001
2024-09-02 18:26:20,273 - INFO - LSTM model and history saved for fold 5 of simulated
2024-09-02 18:26:20,273 - INFO - Average AUC across folds for simulated: 0.5348294138908386
2024-09-02 18:26:20,273 - INFO - Low AUC detected or high variance between folds for simulated, adjusting hyperparameters...
2024-09-02 18:26:20,273 - INFO - New parameters for simulated - Learning Rate: 0.0005, LSTM Units: 96, Dropout Rate: 0.4
2024-09-02 18:26:20,274 - INFO - Training on fold 1/5 for simulated...
2024-09-02 18:26:20,325 - INFO - LSTM model created successfully with 96 units, dropout rate 0.4, and learning rate 0.0005
2024-09-02 18:26:43,919 - INFO - LSTM model and history saved for fold 1 of simulated
2024-09-02 18:26:43,919 - INFO - Training on fold 2/5 for simulated...
2024-09-02 18:26:43,972 - INFO - LSTM model created successfully with 96 units, dropout rate 0.4, and learning rate 0.0005
2024-09-02 18:27:05,658 - INFO - LSTM model and history saved for fold 2 of simulated
2024-09-02 18:27:05,658 - INFO - Training on fold 3/5 for simulated...
2024-09-02 18:27:05,703 - INFO - LSTM model created successfully with 96 units, dropout rate 0.4, and learning rate 0.0005
2024-09-02 18:27:26,230 - INFO - LSTM model and history saved for fold 3 of simulated
2024-09-02 18:27:26,230 - INFO - Training on fold 4/5 for simulated...
2024-09-02 18:27:26,279 - INFO - LSTM model created successfully with 96 units, dropout rate 0.4, and learning rate 0.0005
2024-09-02 18:27:46,289 - INFO - LSTM model and history saved for fold 4 of simulated
2024-09-02 18:27:46,290 - INFO - Training on fold 5/5 for simulated...
2024-09-02 18:27:46,334 - INFO - LSTM model created successfully with 96 units, dropout rate 0.4, and learning rate 0.0005
2024-09-02 18:28:06,019 - INFO - LSTM model and history saved for fold 5 of simulated
2024-09-02 18:28:06,019 - INFO - Average AUC across folds for simulated: 0.5391436696052552
2024-09-02 18:28:06,019 - INFO - Low AUC detected or high variance between folds for simulated, adjusting hyperparameters...
2024-09-02 18:28:06,019 - INFO - New parameters for simulated - Learning Rate: 0.00025, LSTM Units: 128, Dropout Rate: 0.5
2024-09-02 18:28:06,021 - INFO - Training on fold 1/5 for simulated...
2024-09-02 18:28:06,074 - INFO - LSTM model created successfully with 128 units, dropout rate 0.5, and learning rate 0.00025
2024-09-02 18:28:30,030 - INFO - LSTM model and history saved for fold 1 of simulated
2024-09-02 18:28:30,030 - INFO - Training on fold 2/5 for simulated...
2024-09-02 18:28:30,080 - INFO - LSTM model created successfully with 128 units, dropout rate 0.5, and learning rate 0.00025
2024-09-02 18:28:54,993 - INFO - LSTM model and history saved for fold 2 of simulated
2024-09-02 18:28:54,993 - INFO - Training on fold 3/5 for simulated...
2024-09-02 18:28:55,040 - INFO - LSTM model created successfully with 128 units, dropout rate 0.5, and learning rate 0.00025
2024-09-02 18:29:20,006 - INFO - LSTM model and history saved for fold 3 of simulated
2024-09-02 18:29:20,006 - INFO - Training on fold 4/5 for simulated...
2024-09-02 18:29:20,067 - INFO - LSTM model created successfully with 128 units, dropout rate 0.5, and learning rate 0.00025
2024-09-02 18:29:47,632 - INFO - LSTM model and history saved for fold 4 of simulated
2024-09-02 18:29:47,633 - INFO - Training on fold 5/5 for simulated...
2024-09-02 18:29:47,691 - INFO - LSTM model created successfully with 128 units, dropout rate 0.5, and learning rate 0.00025
2024-09-02 18:30:15,062 - INFO - LSTM model and history saved for fold 5 of simulated
2024-09-02 18:30:15,062 - INFO - Average AUC across folds for simulated: 0.5504386901855469
2024-09-02 18:30:15,062 - INFO - Low AUC detected or high variance between folds for simulated, adjusting hyperparameters...
2024-09-02 18:30:15,062 - INFO - New parameters for simulated - Learning Rate: 0.000125, LSTM Units: 160, Dropout Rate: 0.6
2024-09-02 18:30:15,063 - INFO - Training on fold 1/5 for simulated...
2024-09-02 18:30:15,117 - INFO - LSTM model created successfully with 160 units, dropout rate 0.6, and learning rate 0.000125
2024-09-02 18:30:47,495 - INFO - LSTM model and history saved for fold 1 of simulated
2024-09-02 18:30:47,495 - INFO - Training on fold 2/5 for simulated...
2024-09-02 18:30:47,553 - INFO - LSTM model created successfully with 160 units, dropout rate 0.6, and learning rate 0.000125
2024-09-02 18:31:18,981 - INFO - LSTM model and history saved for fold 2 of simulated
2024-09-02 18:31:18,981 - INFO - Training on fold 3/5 for simulated...
2024-09-02 18:31:19,038 - INFO - LSTM model created successfully with 160 units, dropout rate 0.6, and learning rate 0.000125
2024-09-02 18:31:51,400 - INFO - LSTM model and history saved for fold 3 of simulated
2024-09-02 18:31:51,400 - INFO - Training on fold 4/5 for simulated...
2024-09-02 18:31:51,456 - INFO - LSTM model created successfully with 160 units, dropout rate 0.6, and learning rate 0.000125
2024-09-02 18:32:25,303 - INFO - LSTM model and history saved for fold 4 of simulated
2024-09-02 18:32:25,304 - INFO - Training on fold 5/5 for simulated...
2024-09-02 18:32:25,372 - INFO - LSTM model created successfully with 160 units, dropout rate 0.6, and learning rate 0.000125
2024-09-02 18:33:01,242 - INFO - LSTM model and history saved for fold 5 of simulated
2024-09-02 18:33:01,243 - INFO - Average AUC across folds for simulated: 0.5201725840568543
2024-09-02 18:33:01,243 - INFO - Low AUC detected or high variance between folds for simulated, adjusting hyperparameters...
2024-09-02 18:33:01,243 - INFO - New parameters for simulated - Learning Rate: 6.25e-05, LSTM Units: 192, Dropout Rate: 0.7
2024-09-02 18:33:01,243 - INFO - Training on fold 1/5 for simulated...
2024-09-02 18:33:01,314 - INFO - LSTM model created successfully with 192 units, dropout rate 0.7, and learning rate 6.25e-05
2024-09-02 18:33:41,339 - INFO - LSTM model and history saved for fold 1 of simulated
2024-09-02 18:33:41,339 - INFO - Training on fold 2/5 for simulated...
2024-09-02 18:33:41,406 - INFO - LSTM model created successfully with 192 units, dropout rate 0.7, and learning rate 6.25e-05
2024-09-02 18:34:17,972 - INFO - LSTM model and history saved for fold 2 of simulated
2024-09-02 18:34:17,972 - INFO - Training on fold 3/5 for simulated...
2024-09-02 18:34:18,040 - INFO - LSTM model created successfully with 192 units, dropout rate 0.7, and learning rate 6.25e-05
2024-09-02 18:34:52,233 - INFO - LSTM model and history saved for fold 3 of simulated
2024-09-02 18:34:52,233 - INFO - Training on fold 4/5 for simulated...
2024-09-02 18:34:52,297 - INFO - LSTM model created successfully with 192 units, dropout rate 0.7, and learning rate 6.25e-05
2024-09-02 18:35:26,717 - INFO - LSTM model and history saved for fold 4 of simulated
2024-09-02 18:35:26,717 - INFO - Training on fold 5/5 for simulated...
2024-09-02 18:35:26,779 - INFO - LSTM model created successfully with 192 units, dropout rate 0.7, and learning rate 6.25e-05
2024-09-02 18:36:00,897 - INFO - LSTM model and history saved for fold 5 of simulated
2024-09-02 18:36:00,898 - INFO - Average AUC across folds for simulated: 0.5215837717056274
2024-09-02 18:36:00,898 - INFO - Low AUC detected or high variance between folds for simulated, adjusting hyperparameters...
2024-09-02 18:36:00,898 - INFO - New parameters for simulated - Learning Rate: 3.125e-05, LSTM Units: 224, Dropout Rate: 0.7999999999999999
2024-09-02 18:36:00,899 - INFO - Training on fold 1/5 for simulated...
2024-09-02 18:36:00,980 - INFO - LSTM model created successfully with 224 units, dropout rate 0.7999999999999999, and learning rate 3.125e-05
2024-09-02 18:36:40,906 - INFO - LSTM model and history saved for fold 1 of simulated
2024-09-02 18:36:40,907 - INFO - Training on fold 2/5 for simulated...
2024-09-02 18:36:40,976 - INFO - LSTM model created successfully with 224 units, dropout rate 0.7999999999999999, and learning rate 3.125e-05
2024-09-02 18:37:24,352 - INFO - LSTM model and history saved for fold 2 of simulated
2024-09-02 18:37:24,352 - INFO - Training on fold 3/5 for simulated...
2024-09-02 18:37:24,421 - INFO - LSTM model created successfully with 224 units, dropout rate 0.7999999999999999, and learning rate 3.125e-05
2024-09-02 18:38:06,566 - INFO - LSTM model and history saved for fold 3 of simulated
2024-09-02 18:38:06,566 - INFO - Training on fold 4/5 for simulated...
2024-09-02 18:38:06,638 - INFO - LSTM model created successfully with 224 units, dropout rate 0.7999999999999999, and learning rate 3.125e-05
