[2024-10-13 18:43:50,345] INFO Reading configuration from: C:\kafka\kafka_2.13-3.7.0\config\zookeeper.properties (org.apache.zookeeper.server.quorum.QuorumPeerConfig)
[2024-10-13 18:43:50,347] WARN \tmp\zookeeper is relative. Prepend .\ to indicate that you're sure! (org.apache.zookeeper.server.quorum.QuorumPeerConfig)
[2024-10-13 18:43:50,348] INFO clientPortAddress is 0.0.0.0:2181 (org.apache.zookeeper.server.quorum.QuorumPeerConfig)
[2024-10-13 18:43:50,348] INFO secureClientPort is not set (org.apache.zookeeper.server.quorum.QuorumPeerConfig)
[2024-10-13 18:43:50,348] INFO observerMasterPort is not set (org.apache.zookeeper.server.quorum.QuorumPeerConfig)
[2024-10-13 18:43:50,349] INFO metricsProvider.className is org.apache.zookeeper.metrics.impl.DefaultMetricsProvider (org.apache.zookeeper.server.quorum.QuorumPeerConfig)
[2024-10-13 18:43:50,350] INFO autopurge.snapRetainCount set to 3 (org.apache.zookeeper.server.DatadirCleanupManager)
[2024-10-13 18:43:50,350] INFO autopurge.purgeInterval set to 0 (org.apache.zookeeper.server.DatadirCleanupManager)
[2024-10-13 18:43:50,350] INFO Purge task is not scheduled. (org.apache.zookeeper.server.DatadirCleanupManager)
[2024-10-13 18:43:50,350] WARN Either no config or no quorum defined in config, running in standalone mode (org.apache.zookeeper.server.quorum.QuorumPeerMain)
[2024-10-13 18:43:50,351] INFO Log4j 1.2 jmx support not found; jmx disabled. (org.apache.zookeeper.jmx.ManagedUtil)
[2024-10-13 18:43:50,351] INFO Reading configuration from: C:\kafka\kafka_2.13-3.7.0\config\zookeeper.properties (org.apache.zookeeper.server.quorum.QuorumPeerConfig)
[2024-10-13 18:43:50,351] WARN \tmp\zookeeper is relative. Prepend .\ to indicate that you're sure! (org.apache.zookeeper.server.quorum.QuorumPeerConfig)
[2024-10-13 18:43:50,351] INFO clientPortAddress is 0.0.0.0:2181 (org.apache.zookeeper.server.quorum.QuorumPeerConfig)
[2024-10-13 18:43:50,351] INFO secureClientPort is not set (org.apache.zookeeper.server.quorum.QuorumPeerConfig)
[2024-10-13 18:43:50,352] INFO observerMasterPort is not set (org.apache.zookeeper.server.quorum.QuorumPeerConfig)
[2024-10-13 18:43:50,352] INFO metricsProvider.className is org.apache.zookeeper.metrics.impl.DefaultMetricsProvider (org.apache.zookeeper.server.quorum.QuorumPeerConfig)
[2024-10-13 18:43:50,352] INFO Starting server (org.apache.zookeeper.server.ZooKeeperServerMain)
[2024-10-13 18:43:50,362] INFO ServerMetrics initialized with provider org.apache.zookeeper.metrics.impl.DefaultMetricsProvider@5ae50ce6 (org.apache.zookeeper.server.ServerMetrics)
[2024-10-13 18:43:50,364] INFO ACL digest algorithm is: SHA1 (org.apache.zookeeper.server.auth.DigestAuthenticationProvider)
[2024-10-13 18:43:50,364] INFO zookeeper.DigestAuthenticationProvider.enabled = true (org.apache.zookeeper.server.auth.DigestAuthenticationProvider)
[2024-10-13 18:43:50,365] INFO zookeeper.snapshot.trust.empty : false (org.apache.zookeeper.server.persistence.FileTxnSnapLog)
[2024-10-13 18:43:50,371] INFO  (org.apache.zookeeper.server.ZooKeeperServer)
[2024-10-13 18:43:50,371] INFO   ______                  _                                           (org.apache.zookeeper.server.ZooKeeperServer)
[2024-10-13 18:43:50,372] INFO  |___  /                 | |                                          (org.apache.zookeeper.server.ZooKeeperServer)
[2024-10-13 18:43:50,372] INFO     / /    ___     ___   | | __   ___    ___   _ __     ___   _ __    (org.apache.zookeeper.server.ZooKeeperServer)
[2024-10-13 18:43:50,372] INFO    / /    / _ \   / _ \  | |/ /  / _ \  / _ \ | '_ \   / _ \ | '__| (org.apache.zookeeper.server.ZooKeeperServer)
[2024-10-13 18:43:50,372] INFO   / /__  | (_) | | (_) | |   <  |  __/ |  __/ | |_) | |  __/ | |     (org.apache.zookeeper.server.ZooKeeperServer)
[2024-10-13 18:43:50,372] INFO  /_____|  \___/   \___/  |_|\_\  \___|  \___| | .__/   \___| |_| (org.apache.zookeeper.server.ZooKeeperServer)
[2024-10-13 18:43:50,372] INFO                                               | |                      (org.apache.zookeeper.server.ZooKeeperServer)
[2024-10-13 18:43:50,372] INFO                                               |_|                      (org.apache.zookeeper.server.ZooKeeperServer)
[2024-10-13 18:43:50,372] INFO  (org.apache.zookeeper.server.ZooKeeperServer)
[2024-10-13 18:43:50,380] INFO Server environment:zookeeper.version=3.8.3-6ad6d364c7c0bcf0de452d54ebefa3058098ab56, built on 2023-10-05 10:34 UTC (org.apache.zookeeper.server.ZooKeeperServer)
[2024-10-13 18:43:50,380] INFO Server environment:host.name=DESKTOP-8JG7E6I.lan (org.apache.zookeeper.server.ZooKeeperServer)
[2024-10-13 18:43:50,380] INFO Server environment:java.version=21.0.1 (org.apache.zookeeper.server.ZooKeeperServer)
[2024-10-13 18:43:50,380] INFO Server environment:java.vendor=Eclipse Adoptium (org.apache.zookeeper.server.ZooKeeperServer)
[2024-10-13 18:43:50,380] INFO Server environment:java.home=C:\Program Files\Eclipse Adoptium\jdk-21.0.1.12-hotspot (org.apache.zookeeper.server.ZooKeeperServer)
[2024-10-13 18:43:50,380] INFO Server environment:java.class.path=C:\kafka\kafka_2.13-3.7.0\libs\activation-1.1.1.jar;C:\kafka\kafka_2.13-3.7.0\libs\aopalliance-repackaged-2.6.1.jar;C:\kafka\kafka_2.13-3.7.0\libs\argparse4j-0.7.0.jar;C:\kafka\kafka_2.13-3.7.0\libs\audience-annotations-0.12.0.jar;C:\kafka\kafka_2.13-3.7.0\libs\caffeine-2.9.3.jar;C:\kafka\kafka_2.13-3.7.0\libs\checker-qual-3.19.0.jar;C:\kafka\kafka_2.13-3.7.0\libs\commons-beanutils-1.9.4.jar;C:\kafka\kafka_2.13-3.7.0\libs\commons-cli-1.4.jar;C:\kafka\kafka_2.13-3.7.0\libs\commons-collections-3.2.2.jar;C:\kafka\kafka_2.13-3.7.0\libs\commons-digester-2.1.jar;C:\kafka\kafka_2.13-3.7.0\libs\commons-io-2.11.0.jar;C:\kafka\kafka_2.13-3.7.0\libs\commons-lang3-3.8.1.jar;C:\kafka\kafka_2.13-3.7.0\libs\commons-logging-1.2.jar;C:\kafka\kafka_2.13-3.7.0\libs\commons-validator-1.7.jar;C:\kafka\kafka_2.13-3.7.0\libs\connect-api-3.7.0.jar;C:\kafka\kafka_2.13-3.7.0\libs\connect-basic-auth-extension-3.7.0.jar;C:\kafka\kafka_2.13-3.7.0\libs\connect-file-3.7.0.jar;C:\kafka\kafka_2.13-3.7.0\libs\connect-json-3.7.0.jar;C:\kafka\kafka_2.13-3.7.0\libs\connect-mirror-3.7.0.jar;C:\kafka\kafka_2.13-3.7.0\libs\connect-mirror-client-3.7.0.jar;C:\kafka\kafka_2.13-3.7.0\libs\connect-runtime-3.7.0.jar;C:\kafka\kafka_2.13-3.7.0\libs\connect-transforms-3.7.0.jar;C:\kafka\kafka_2.13-3.7.0\libs\error_prone_annotations-2.10.0.jar;C:\kafka\kafka_2.13-3.7.0\libs\hk2-api-2.6.1.jar;C:\kafka\kafka_2.13-3.7.0\libs\hk2-locator-2.6.1.jar;C:\kafka\kafka_2.13-3.7.0\libs\hk2-utils-2.6.1.jar;C:\kafka\kafka_2.13-3.7.0\libs\jackson-annotations-2.16.0.jar;C:\kafka\kafka_2.13-3.7.0\libs\jackson-core-2.16.0.jar;C:\kafka\kafka_2.13-3.7.0\libs\jackson-databind-2.16.0.jar;C:\kafka\kafka_2.13-3.7.0\libs\jackson-dataformat-csv-2.16.0.jar;C:\kafka\kafka_2.13-3.7.0\libs\jackson-datatype-jdk8-2.16.0.jar;C:\kafka\kafka_2.13-3.7.0\libs\jackson-jaxrs-base-2.16.0.jar;C:\kafka\kafka_2.13-3.7.0\libs\jackson-jaxrs-json-provider-2.16.0.jar;C:\kafka\kafka_2.13-3.7.0\libs\jackson-module-jaxb-annotations-2.16.0.jar;C:\kafka\kafka_2.13-3.7.0\libs\jackson-module-scala_2.13-2.16.0.jar;C:\kafka\kafka_2.13-3.7.0\libs\jakarta.activation-api-1.2.2.jar;C:\kafka\kafka_2.13-3.7.0\libs\jakarta.annotation-api-1.3.5.jar;C:\kafka\kafka_2.13-3.7.0\libs\jakarta.inject-2.6.1.jar;C:\kafka\kafka_2.13-3.7.0\libs\jakarta.validation-api-2.0.2.jar;C:\kafka\kafka_2.13-3.7.0\libs\jakarta.ws.rs-api-2.1.6.jar;C:\kafka\kafka_2.13-3.7.0\libs\jakarta.xml.bind-api-2.3.3.jar;C:\kafka\kafka_2.13-3.7.0\libs\javassist-3.29.2-GA.jar;C:\kafka\kafka_2.13-3.7.0\libs\javax.activation-api-1.2.0.jar;C:\kafka\kafka_2.13-3.7.0\libs\javax.annotation-api-1.3.2.jar;C:\kafka\kafka_2.13-3.7.0\libs\javax.servlet-api-3.1.0.jar;C:\kafka\kafka_2.13-3.7.0\libs\javax.ws.rs-api-2.1.1.jar;C:\kafka\kafka_2.13-3.7.0\libs\jaxb-api-2.3.1.jar;C:\kafka\kafka_2.13-3.7.0\libs\jersey-client-2.39.1.jar;C:\kafka\kafka_2.13-3.7.0\libs\jersey-common-2.39.1.jar;C:\kafka\kafka_2.13-3.7.0\libs\jersey-container-servlet-2.39.1.jar;C:\kafka\kafka_2.13-3.7.0\libs\jersey-container-servlet-core-2.39.1.jar;C:\kafka\kafka_2.13-3.7.0\libs\jersey-hk2-2.39.1.jar;C:\kafka\kafka_2.13-3.7.0\libs\jersey-server-2.39.1.jar;C:\kafka\kafka_2.13-3.7.0\libs\jetty-client-9.4.53.v20231009.jar;C:\kafka\kafka_2.13-3.7.0\libs\jetty-continuation-9.4.53.v20231009.jar;C:\kafka\kafka_2.13-3.7.0\libs\jetty-http-9.4.53.v20231009.jar;C:\kafka\kafka_2.13-3.7.0\libs\jetty-io-9.4.53.v20231009.jar;C:\kafka\kafka_2.13-3.7.0\libs\jetty-security-9.4.53.v20231009.jar;C:\kafka\kafka_2.13-3.7.0\libs\jetty-server-9.4.53.v20231009.jar;C:\kafka\kafka_2.13-3.7.0\libs\jetty-servlet-9.4.53.v20231009.jar;C:\kafka\kafka_2.13-3.7.0\libs\jetty-servlets-9.4.53.v20231009.jar;C:\kafka\kafka_2.13-3.7.0\libs\jetty-util-9.4.53.v20231009.jar;C:\kafka\kafka_2.13-3.7.0\libs\jetty-util-ajax-9.4.53.v20231009.jar;C:\kafka\kafka_2.13-3.7.0\libs\jline-3.22.0.jar;C:\kafka\kafka_2.13-3.7.0\libs\jopt-simple-5.0.4.jar;C:\kafka\kafka_2.13-3.7.0\libs\jose4j-0.9.4.jar;C:\kafka\kafka_2.13-3.7.0\libs\jsr305-3.0.2.jar;C:\kafka\kafka_2.13-3.7.0\libs\kafka-clients-3.7.0.jar;C:\kafka\kafka_2.13-3.7.0\libs\kafka-group-coordinator-3.7.0.jar;C:\kafka\kafka_2.13-3.7.0\libs\kafka-log4j-appender-3.7.0.jar;C:\kafka\kafka_2.13-3.7.0\libs\kafka-metadata-3.7.0.jar;C:\kafka\kafka_2.13-3.7.0\libs\kafka-raft-3.7.0.jar;C:\kafka\kafka_2.13-3.7.0\libs\kafka-server-3.7.0.jar;C:\kafka\kafka_2.13-3.7.0\libs\kafka-server-common-3.7.0.jar;C:\kafka\kafka_2.13-3.7.0\libs\kafka-shell-3.7.0.jar;C:\kafka\kafka_2.13-3.7.0\libs\kafka-storage-3.7.0.jar;C:\kafka\kafka_2.13-3.7.0\libs\kafka-storage-api-3.7.0.jar;C:\kafka\kafka_2.13-3.7.0\libs\kafka-streams-3.7.0.jar;C:\kafka\kafka_2.13-3.7.0\libs\kafka-streams-examples-3.7.0.jar;C:\kafka\kafka_2.13-3.7.0\libs\kafka-streams-scala_2.13-3.7.0.jar;C:\kafka\kafka_2.13-3.7.0\libs\kafka-streams-test-utils-3.7.0.jar;C:\kafka\kafka_2.13-3.7.0\libs\kafka-tools-3.7.0.jar;C:\kafka\kafka_2.13-3.7.0\libs\kafka-tools-api-3.7.0.jar;C:\kafka\kafka_2.13-3.7.0\libs\kafka_2.13-3.7.0.jar;C:\kafka\kafka_2.13-3.7.0\libs\lz4-java-1.8.0.jar;C:\kafka\kafka_2.13-3.7.0\libs\maven-artifact-3.8.8.jar;C:\kafka\kafka_2.13-3.7.0\libs\metrics-core-2.2.0.jar;C:\kafka\kafka_2.13-3.7.0\libs\metrics-core-4.1.12.1.jar;C:\kafka\kafka_2.13-3.7.0\libs\netty-buffer-4.1.100.Final.jar;C:\kafka\kafka_2.13-3.7.0\libs\netty-codec-4.1.100.Final.jar;C:\kafka\kafka_2.13-3.7.0\libs\netty-common-4.1.100.Final.jar;C:\kafka\kafka_2.13-3.7.0\libs\netty-handler-4.1.100.Final.jar;C:\kafka\kafka_2.13-3.7.0\libs\netty-resolver-4.1.100.Final.jar;C:\kafka\kafka_2.13-3.7.0\libs\netty-transport-4.1.100.Final.jar;C:\kafka\kafka_2.13-3.7.0\libs\netty-transport-classes-epoll-4.1.100.Final.jar;C:\kafka\kafka_2.13-3.7.0\libs\netty-transport-native-epoll-4.1.100.Final.jar;C:\kafka\kafka_2.13-3.7.0\libs\netty-transport-native-unix-common-4.1.100.Final.jar;C:\kafka\kafka_2.13-3.7.0\libs\opentelemetry-proto-1.0.0-alpha.jar;C:\kafka\kafka_2.13-3.7.0\libs\osgi-resource-locator-1.0.3.jar;C:\kafka\kafka_2.13-3.7.0\libs\paranamer-2.8.jar;C:\kafka\kafka_2.13-3.7.0\libs\pcollections-4.0.1.jar;C:\kafka\kafka_2.13-3.7.0\libs\plexus-utils-3.3.1.jar;C:\kafka\kafka_2.13-3.7.0\libs\protobuf-java-3.23.4.jar;C:\kafka\kafka_2.13-3.7.0\libs\reflections-0.10.2.jar;C:\kafka\kafka_2.13-3.7.0\libs\reload4j-1.2.25.jar;C:\kafka\kafka_2.13-3.7.0\libs\rocksdbjni-7.9.2.jar;C:\kafka\kafka_2.13-3.7.0\libs\scala-collection-compat_2.13-2.10.0.jar;C:\kafka\kafka_2.13-3.7.0\libs\scala-java8-compat_2.13-1.0.2.jar;C:\kafka\kafka_2.13-3.7.0\libs\scala-library-2.13.12.jar;C:\kafka\kafka_2.13-3.7.0\libs\scala-logging_2.13-3.9.4.jar;C:\kafka\kafka_2.13-3.7.0\libs\scala-reflect-2.13.12.jar;C:\kafka\kafka_2.13-3.7.0\libs\slf4j-api-1.7.36.jar;C:\kafka\kafka_2.13-3.7.0\libs\slf4j-reload4j-1.7.36.jar;C:\kafka\kafka_2.13-3.7.0\libs\snappy-java-1.1.10.5.jar;C:\kafka\kafka_2.13-3.7.0\libs\swagger-annotations-2.2.8.jar;C:\kafka\kafka_2.13-3.7.0\libs\trogdor-3.7.0.jar;C:\kafka\kafka_2.13-3.7.0\libs\zookeeper-3.8.3.jar;C:\kafka\kafka_2.13-3.7.0\libs\zookeeper-jute-3.8.3.jar;C:\kafka\kafka_2.13-3.7.0\libs\zstd-jni-1.5.5-6.jar (org.apache.zookeeper.server.ZooKeeperServer)
[2024-10-13 18:43:50,380] INFO Server environment:java.library.path=C:\Program Files\Eclipse Adoptium\jdk-21.0.1.12-hotspot\bin;C:\WINDOWS\Sun\Java\bin;C:\WINDOWS\system32;C:\WINDOWS;C:\Program Files\Eclipse Adoptium\jdk-21.0.1.12-hotspot\bin;C:\Program Files (x86)\VMware\VMware Player\bin\;C:\Program Files\Common Files\Oracle\Java\javapath;C:\WINDOWS\system32;C:\WINDOWS;C:\WINDOWS\System32\Wbem;C:\WINDOWS\System32\WindowsPowerShell\v1.0\;C:\WINDOWS\System32\OpenSSH\;C:\Program Files\Microsoft SQL Server\130\Tools\Binn\;C:\Program Files\Microsoft SQL Server\Client SDK\ODBC\170\Tools\Binn\;C:\Program Files\dotnet\;C:\Program Files\PostgreSQL\15\bin;C:\Program Files\nodejs\;C:\Users\neora\AppData\Local\MongoDBCompass\mongosh-1.10.6-win32-x64\mongosh-1.10.6-win32-x64\bin;C:\Program Files (x86)\php-8.3.0;C:\Program Files\sqlite3;C:\Users\neora\Downloads\ngrok-v3-stable-windows-amd64\ngrok.exe;;%SystemRoot%\system32;%SystemRoot%;%SystemRoot%\System32\Wbem;%SYSTEMROOT%\System32\WindowsPowerShell\v1.0\;%SYSTEMROOT%\System32\OpenSSH\;C:\Users\neora\AppData\Local\Programs\Python\Python312\Scripts\;C:\Users\neora\AppData\Local\Programs\Python\Python312\;C:\Users\neora\AppData\Local\Programs\Python\Launcher\;C:\Users\neora\AppData\Local\Microsoft\WindowsApps;C:\Program Files\JetBrains\PyCharm Community Edition 2021.3\bin;C:\Users\neora\IntelliJ IDEA Community Edition 2022.1.1\bin;C:\Users\neora\.dotnet\tools;C:\Users\neora\AppData\Local\Programs\Microsoft VS Code\bin;C:\Users\neora\AppData\Roaming\npm;C:\Users\neora\AppData\Local\GitHubDesktop\bin;C:\Program Files (x86)\Nmap;C:\Users\neora\.deno\bin;C:\Program Files\JetBrains\PyCharm Community Edition 2023.3.1\bin;;C:\Program Files\heroku\bin;C:\Program Files\JetBrains\DataSpell 2024.1.3\bin;;C:\Program Files\JetBrains\PyCharm 2024.1.4\bin;;C:\Program Files\JetBrains\IntelliJ IDEA 2024.1.4\bin;;C:\Users\neora\AppData\Local\Microsoft\WindowsApps;;. (org.apache.zookeeper.server.ZooKeeperServer)
[2024-10-13 18:43:50,381] INFO Server environment:java.io.tmpdir=C:\Users\neora\AppData\Local\Temp\ (org.apache.zookeeper.server.ZooKeeperServer)
[2024-10-13 18:43:50,381] INFO Server environment:java.compiler=<NA> (org.apache.zookeeper.server.ZooKeeperServer)
[2024-10-13 18:43:50,381] INFO Server environment:os.name=Windows 11 (org.apache.zookeeper.server.ZooKeeperServer)
[2024-10-13 18:43:50,381] INFO Server environment:os.arch=amd64 (org.apache.zookeeper.server.ZooKeeperServer)
[2024-10-13 18:43:50,381] INFO Server environment:os.version=10.0 (org.apache.zookeeper.server.ZooKeeperServer)
[2024-10-13 18:43:50,381] INFO Server environment:user.name=neora (org.apache.zookeeper.server.ZooKeeperServer)
[2024-10-13 18:43:50,381] INFO Server environment:user.home=C:\Users\neora (org.apache.zookeeper.server.ZooKeeperServer)
[2024-10-13 18:43:50,381] INFO Server environment:user.dir=C:\Users\neora\Desktop\Final_project\-maintenance-system\predictive_maintenance\kafka (org.apache.zookeeper.server.ZooKeeperServer)
[2024-10-13 18:43:50,381] INFO Server environment:os.memory.free=490MB (org.apache.zookeeper.server.ZooKeeperServer)
[2024-10-13 18:43:50,381] INFO Server environment:os.memory.max=512MB (org.apache.zookeeper.server.ZooKeeperServer)
[2024-10-13 18:43:50,381] INFO Server environment:os.memory.total=512MB (org.apache.zookeeper.server.ZooKeeperServer)
[2024-10-13 18:43:50,381] INFO zookeeper.enableEagerACLCheck = false (org.apache.zookeeper.server.ZooKeeperServer)
[2024-10-13 18:43:50,381] INFO zookeeper.digest.enabled = true (org.apache.zookeeper.server.ZooKeeperServer)
[2024-10-13 18:43:50,381] INFO zookeeper.closeSessionTxn.enabled = true (org.apache.zookeeper.server.ZooKeeperServer)
[2024-10-13 18:43:50,381] INFO zookeeper.flushDelay = 0 ms (org.apache.zookeeper.server.ZooKeeperServer)
[2024-10-13 18:43:50,381] INFO zookeeper.maxWriteQueuePollTime = 0 ms (org.apache.zookeeper.server.ZooKeeperServer)
[2024-10-13 18:43:50,381] INFO zookeeper.maxBatchSize=1000 (org.apache.zookeeper.server.ZooKeeperServer)
[2024-10-13 18:43:50,381] INFO zookeeper.intBufferStartingSizeBytes = 1024 (org.apache.zookeeper.server.ZooKeeperServer)
[2024-10-13 18:43:50,382] INFO Weighed connection throttling is disabled (org.apache.zookeeper.server.BlueThrottle)
[2024-10-13 18:43:50,383] INFO minSessionTimeout set to 6000 ms (org.apache.zookeeper.server.ZooKeeperServer)
[2024-10-13 18:43:50,383] INFO maxSessionTimeout set to 60000 ms (org.apache.zookeeper.server.ZooKeeperServer)
[2024-10-13 18:43:50,385] INFO getData response cache size is initialized with value 400. (org.apache.zookeeper.server.ResponseCache)
[2024-10-13 18:43:50,385] INFO getChildren response cache size is initialized with value 400. (org.apache.zookeeper.server.ResponseCache)
[2024-10-13 18:43:50,385] INFO zookeeper.pathStats.slotCapacity = 60 (org.apache.zookeeper.server.util.RequestPathMetricsCollector)
[2024-10-13 18:43:50,385] INFO zookeeper.pathStats.slotDuration = 15 (org.apache.zookeeper.server.util.RequestPathMetricsCollector)
[2024-10-13 18:43:50,385] INFO zookeeper.pathStats.maxDepth = 6 (org.apache.zookeeper.server.util.RequestPathMetricsCollector)
[2024-10-13 18:43:50,385] INFO zookeeper.pathStats.initialDelay = 5 (org.apache.zookeeper.server.util.RequestPathMetricsCollector)
[2024-10-13 18:43:50,385] INFO zookeeper.pathStats.delay = 5 (org.apache.zookeeper.server.util.RequestPathMetricsCollector)
[2024-10-13 18:43:50,385] INFO zookeeper.pathStats.enabled = false (org.apache.zookeeper.server.util.RequestPathMetricsCollector)
[2024-10-13 18:43:50,386] INFO The max bytes for all large requests are set to 104857600 (org.apache.zookeeper.server.ZooKeeperServer)
[2024-10-13 18:43:50,386] INFO The large request threshold is set to -1 (org.apache.zookeeper.server.ZooKeeperServer)
[2024-10-13 18:43:50,387] INFO zookeeper.enforce.auth.enabled = false (org.apache.zookeeper.server.AuthenticationHelper)
[2024-10-13 18:43:50,387] INFO zookeeper.enforce.auth.schemes = [] (org.apache.zookeeper.server.AuthenticationHelper)
[2024-10-13 18:43:50,387] INFO Created server with tickTime 3000 ms minSessionTimeout 6000 ms maxSessionTimeout 60000 ms clientPortListenBacklog -1 datadir \tmp\zookeeper\version-2 snapdir \tmp\zookeeper\version-2 (org.apache.zookeeper.server.ZooKeeperServer)
[2024-10-13 18:43:50,392] INFO Using org.apache.zookeeper.server.NIOServerCnxnFactory as server connection factory (org.apache.zookeeper.server.ServerCnxnFactory)
[2024-10-13 18:43:50,392] WARN maxCnxns is not configured, using default value 0. (org.apache.zookeeper.server.ServerCnxnFactory)
[2024-10-13 18:43:50,393] INFO Configuring NIO connection handler with 10s sessionless connection timeout, 2 selector thread(s), 16 worker threads, and 64 kB direct buffers. (org.apache.zookeeper.server.NIOServerCnxnFactory)
[2024-10-13 18:43:50,430] INFO binding to port 0.0.0.0/0.0.0.0:2181 (org.apache.zookeeper.server.NIOServerCnxnFactory)
[2024-10-13 18:43:50,430] ERROR Unexpected exception, exiting abnormally (org.apache.zookeeper.server.ZooKeeperServerMain)
java.net.BindException: Address already in use: bind
	at java.base/sun.nio.ch.Net.bind0(Native Method)
	at java.base/sun.nio.ch.Net.bind(Net.java:565)
	at java.base/sun.nio.ch.ServerSocketChannelImpl.netBind(ServerSocketChannelImpl.java:344)
	at java.base/sun.nio.ch.ServerSocketChannelImpl.bind(ServerSocketChannelImpl.java:301)
	at java.base/sun.nio.ch.ServerSocketAdaptor.bind(ServerSocketAdaptor.java:89)
	at java.base/sun.nio.ch.ServerSocketAdaptor.bind(ServerSocketAdaptor.java:81)
	at org.apache.zookeeper.server.NIOServerCnxnFactory.configure(NIOServerCnxnFactory.java:662)
	at org.apache.zookeeper.server.ZooKeeperServerMain.runFromConfig(ZooKeeperServerMain.java:160)
	at org.apache.zookeeper.server.ZooKeeperServerMain.initializeAndRun(ZooKeeperServerMain.java:113)
	at org.apache.zookeeper.server.ZooKeeperServerMain.main(ZooKeeperServerMain.java:68)
	at org.apache.zookeeper.server.quorum.QuorumPeerMain.initializeAndRun(QuorumPeerMain.java:141)
	at org.apache.zookeeper.server.quorum.QuorumPeerMain.main(QuorumPeerMain.java:91)
[2024-10-13 18:43:50,433] INFO ZooKeeper audit is disabled. (org.apache.zookeeper.audit.ZKAuditProvider)
[2024-10-13 18:43:50,435] ERROR Exiting JVM with code 1 (org.apache.zookeeper.util.ServiceUtils)
